[0409/025832.501:ERROR:process_memory_win.cc(73)] ReadMemory at 0x7ff81d7bcffc of 35 bytes failed: Запрос ReadProcessMemory или WriteProcessMemory был выполнен только частично. (0x12B)
[0409/025834.172:WARNING:pe_image_reader.cc(191)] could not read debug directory from C:\Windows\SYSTEM32\DEVOBJ.dll
[0409/025834.172:ERROR:process_memory_win.cc(73)] ReadMemory at 0x7ff81d7a0000 of 64 bytes failed: Запрос ReadProcessMemory или WriteProcessMemory был выполнен только частично. (0x12B)
[0409/025834.172:WARNING:pe_image_reader.cc(340)] could not read dos header from C:\Windows\SYSTEM32\DEVOBJ.dll
[0409/025834.172:ERROR:process_memory_win.cc(73)] ReadMemory at 0x7ff81f280000 of 64 bytes failed: Запрос ReadProcessMemory или WriteProcessMemory был выполнен только частично. (0x12B)
[0409/025834.172:WARNING:pe_image_reader.cc(340)] could not read dos header from C:\Windows\system32\GDI32.dll
[0409/025834.172:ERROR:process_memory_win.cc(73)] ReadMemory at 0x7ff81f280000 of 64 bytes failed: Запрос ReadProcessMemory или WriteProcessMemory был выполнен только частично. (0x12B)
[0409/025834.172:WARNING:pe_image_reader.cc(340)] could not read dos header from C:\Windows\system32\GDI32.dll
[0409/025834.172:ERROR:process_memory_win.cc(73)] ReadMemory at 0x46c1a70000 of 64 bytes failed: Запрос ReadProcessMemory или WriteProcessMemory был выполнен только частично. (0x12B)
[0409/025834.172:WARNING:pe_image_reader.cc(340)] could not read dos header from C:\Windows\system32\IMM32.DLL
[0409/025834.172:ERROR:process_memory_win.cc(73)] ReadMemory at 0x46c1a70000 of 64 bytes failed: Запрос ReadProcessMemory или WriteProcessMemory был выполнен только частично. (0x12B)
[0409/025834.172:WARNING:pe_image_reader.cc(340)] could not read dos header from C:\Windows\system32\IMM32.DLL
[0409/025834.172:ERROR:process_memory_win.cc(73)] ReadMemory at 0x7ff8210c0000 of 64 bytes failed: Запрос ReadProcessMemory или WriteProcessMemory был выполнен только частично. (0x12B)
[0409/025834.172:WARNING:pe_image_reader.cc(340)] could not read dos header from C:\Windows\system32\MSCTF.dll
[0409/025834.172:ERROR:process_memory_win.cc(73)] ReadMemory at 0x7ff8210c0000 of 64 bytes failed: Запрос ReadProcessMemory или WriteProcessMemory был выполнен только частично. (0x12B)
[0409/025834.172:WARNING:pe_image_reader.cc(340)] could not read dos header from C:\Windows\system32\MSCTF.dll
[0409/025834.172:ERROR:process_memory_win.cc(73)] ReadMemory at 0x7ff81e8c0000 of 64 bytes failed: Запрос ReadProcessMemory или WriteProcessMemory был выполнен только частично. (0x12B)
[0409/025834.172:WARNING:pe_image_reader.cc(340)] could not read dos header from C:\Windows\SYSTEM32\CRYPTBASE.DLL
[0409/025834.172:ERROR:process_memory_win.cc(73)] ReadMemory at 0x7ff81e8c0000 of 64 bytes failed: Запрос ReadProcessMemory или WriteProcessMemory был выполнен только частично. (0x12B)
[0409/025834.172:WARNING:pe_image_reader.cc(340)] could not read dos header from C:\Windows\SYSTEM32\CRYPTBASE.DLL
[0409/025834.172:ERROR:process_memory_win.cc(73)] ReadMemory at 0x7ff81e850000 of 64 bytes failed: Запрос ReadProcessMemory или WriteProcessMemory был выполнен только частично. (0x12B)
[0409/025834.173:WARNING:pe_image_reader.cc(340)] could not read dos header from C:\Windows\SYSTEM32\bcryptPrimitives.dll
[0409/025834.173:ERROR:process_memory_win.cc(73)] ReadMemory at 0x7ff81e850000 of 64 bytes failed: Запрос ReadProcessMemory или WriteProcessMemory был выполнен только частично. (0x12B)
[0409/025834.173:WARNING:pe_image_reader.cc(340)] could not read dos header from C:\Windows\SYSTEM32\bcryptPrimitives.dll
[0409/025834.173:ERROR:process_memory_win.cc(73)] ReadMemory at 0x7ff82197fac8 of 8 bytes failed: Запрос ReadProcessMemory или WriteProcessMemory был выполнен только частично. (0x12B)
[0409/025834.173:ERROR:process_snapshot_win.cc(311)] failed to read target address
[0409/025836.963:ERROR:process_memory_win.cc(73)] ReadMemory at 0x7ff6b54b0000 of 64 bytes failed: Запрос ReadProcessMemory или WriteProcessMemory был выполнен только частично. (0x12B)
[0409/025836.963:WARNING:pe_image_reader.cc(340)] could not read dos header from C:\Program Files (x86)\Google\Chrome\Application\chrome.exe
[0409/025836.963:ERROR:process_memory_win.cc(73)] ReadMemory at 0x7ff821850000 of 64 bytes failed: Запрос ReadProcessMemory или WriteProcessMemory был выполнен только частично. (0x12B)
[0409/025836.963:WARNING:pe_image_reader.cc(340)] could not read dos header from C:\Windows\SYSTEM32\ntdll.dll
[0409/025836.963:ERROR:process_memory_win.cc(73)] ReadMemory at 0x7ff81f100000 of 64 bytes failed: Запрос ReadProcessMemory или WriteProcessMemory был выполнен только частично. (0x12B)
[0409/025836.963:WARNING:pe_image_reader.cc(340)] could not read dos header from C:\Windows\system32\KERNEL32.DLL
[0409/025836.963:ERROR:process_memory_win.cc(73)] ReadMemory at 0x7ff81ed70000 of 64 bytes failed: Запрос ReadProcessMemory или WriteProcessMemory был выполнен только частично. (0x12B)
[0409/025836.963:WARNING:pe_image_reader.cc(340)] could not read dos header from C:\Windows\system32\KERNELBASE.dll
[0409/025836.963:ERROR:process_memory_win.cc(73)] ReadMemory at 0x7ff80e2e0000 of 64 bytes failed: Запрос ReadProcessMemory или WriteProcessMemory был выполнен только частично. (0x12B)
[0409/025836.963:WARNING:pe_image_reader.cc(340)] could not read dos header from C:\Program Files (x86)\Google\Chrome\Application\80.0.3987.163\chrome_elf.dll
[0409/025836.963:ERROR:process_memory_win.cc(73)] ReadMemory at 0x7ff81d190000 of 64 bytes failed: Запрос ReadProcessMemory или WriteProcessMemory был выполнен только частично. (0x12B)
[0409/025836.963:WARNING:pe_image_reader.cc(340)] could not read dos header from C:\Windows\SYSTEM32\VERSION.dll
[0409/025836.963:ERROR:process_memory_win.cc(73)] ReadMemory at 0x7ff81f6e0000 of 64 bytes failed: Запрос ReadProcessMemory или WriteProcessMemory был выполнен только частично. (0x12B)
[0409/025836.963:WARNING:pe_image_reader.cc(340)] could not read dos header from C:\Windows\system32\msvcrt.dll
[0409/025836.963:ERROR:process_memory_win.cc(73)] ReadMemory at 0x7ff8215f0000 of 64 bytes failed: Запрос ReadProcessMemory или WriteProcessMemory был выполнен только частично. (0x12B)
[0409/025836.963:WARNING:pe_image_reader.cc(340)] could not read dos header from C:\Windows\system32\ADVAPI32.dll
[0409/025836.963:ERROR:process_memory_win.cc(73)] ReadMemory at 0x7ff81f680000 of 64 bytes failed: Запрос ReadProcessMemory или WriteProcessMemory был выполнен только частично. (0x12B)
[0409/025836.963:WARNING:pe_image_reader.cc(340)] could not read dos header from C:\Windows\SYSTEM32\sechost.dll
[0409/025836.963:ERROR:process_memory_win.cc(73)] ReadMemory at 0x7ff820e50000 of 64 bytes failed: Запрос ReadProcessMemory или WriteProcessMemory был выполнен только частично. (0x12B)
[0409/025836.963:WARNING:pe_image_reader.cc(340)] could not read dos header from C:\Windows\system32\RPCRT4.dll
[0409/025836.963:ERROR:process_memory_win.cc(73)] ReadMemory at 0x7ff81ed40000 of 64 bytes failed: Запрос ReadProcessMemory или WriteProcessMemory был выполнен только частично. (0x12B)
[0409/025836.963:WARNING:pe_image_reader.cc(340)] could not read dos header from C:\Windows\system32\SspiCli.dll
[0409/025836.963:ERROR:process_memory_win.cc(73)] ReadMemory at 0x7ffff1e90000 of 64 bytes failed: Запрос ReadProcessMemory или WriteProcessMemory был выполнен только частично. (0x12B)
[0409/025836.963:WARNING:pe_image_reader.cc(340)] could not read dos header from C:\Program Files (x86)\Google\Chrome\Application\80.0.3987.163\chrome.dll
[0409/025836.963:ERROR:process_memory_win.cc(73)] ReadMemory at 0x7ff81f860000 of 64 bytes failed: Запрос ReadProcessMemory или WriteProcessMemory был выполнен только частично. (0x12B)
[0409/025836.963:WARNING:pe_image_reader.cc(340)] could not read dos header from C:\Windows\system32\WS2_32.dll
[0409/025836.963:ERROR:process_memory_win.cc(73)] ReadMemory at 0x7ff8199a0000 of 64 bytes failed: Запрос ReadProcessMemory или WriteProcessMemory был выполнен только частично. (0x12B)
[0409/025836.963:WARNING:pe_image_reader.cc(340)] could not read dos header from C:\Windows\SYSTEM32\IPHLPAPI.DLL
[0409/025836.963:ERROR:process_memory_win.cc(73)] ReadMemory at 0x7ff81f790000 of 64 bytes failed: Запрос ReadProcessMemory или WriteProcessMemory был выполнен только частично. (0x12B)
[0409/025836.963:WARNING:pe_image_reader.cc(340)] could not read dos header from C:\Windows\system32\OLEAUT32.dll
[0409/025836.963:ERROR:process_memory_win.cc(73)] ReadMemory at 0x7ff817fa0000 of 64 bytes failed: Запрос ReadProcessMemory или WriteProcessMemory был выполнен только частично. (0x12B)
[0409/025836.963:WARNING:pe_image_reader.cc(340)] could not read dos header from C:\Windows\SYSTEM32\WINMM.dll
[0409/025836.963:ERROR:process_memory_win.cc(73)] ReadMemory at 0x7ff810090000 of 64 bytes failed: Запрос ReadProcessMemory или WriteProcessMemory был выполнен только частично. (0x12B)
[0409/025836.963:WARNING:pe_image_reader.cc(340)] could not read dos header from C:\Windows\SYSTEM32\Secur32.dll
[0409/025836.963:ERROR:process_memory_win.cc(73)] ReadMemory at 0x7ff81df40000 of 64 bytes failed: Запрос ReadProcessMemory или WriteProcessMemory был выполнен только частично. (0x12B)
[0409/025836.963:WARNING:pe_image_reader.cc(340)] could not read dos header from C:\Windows\SYSTEM32\USERENV.dll
[0409/025836.963:ERROR:process_memory_win.cc(73)] ReadMemory at 0x7ff81ec30000 of 64 bytes failed: Запрос ReadProcessMemory или WriteProcessMemory был выполнен только частично. (0x12B)
[0409/025836.963:WARNING:pe_image_reader.cc(340)] could not read dos header from C:\Windows\system32\WINTRUST.dll
[0409/025836.963:ERROR:process_memory_win.cc(73)] ReadMemory at 0x7ff80c520000 of 64 bytes failed: Запрос ReadProcessMemory или WriteProcessMemory был выполнен только частично. (0x12B)
[0409/025836.963:WARNING:pe_image_reader.cc(340)] could not read dos header from C:\Windows\SYSTEM32\UIAutomationCore.DLL
[0409/025836.963:ERROR:process_memory_win.cc(73)] ReadMemory at 0x7ff81ea50000 of 64 bytes failed: Запрос ReadProcessMemory или WriteProcessMemory был выполнен только частично. (0x12B)
[0409/025836.963:WARNING:pe_image_reader.cc(340)] could not read dos header from C:\Windows\system32\CRYPT32.dll
[0409/025836.963:ERROR:process_memory_win.cc(73)] ReadMemory at 0x7ff81b8d0000 of 64 bytes failed: Запрос ReadProcessMemory или WriteProcessMemory был выполнен только частично. (0x12B)
[0409/025836.963:WARNING:pe_image_reader.cc(340)] could not read dos header from C:\Windows\SYSTEM32\DWrite.dll
[0409/025836.963:ERROR:process_memory_win.cc(73)] ReadMemory at 0x7ff817e50000 of 64 bytes failed: Запрос ReadProcessMemory или WriteProcessMemory был выполнен только частично. (0x12B)
[0409/025836.963:WARNING:pe_image_reader.cc(340)] could not read dos header from C:\Windows\SYSTEM32\WINSPOOL.DRV
[0409/025836.963:ERROR:process_memory_win.cc(73)] ReadMemory at 0x7ff800440000 of 64 bytes failed: Запрос ReadProcessMemory или WriteProcessMemory был выполнен только частично. (0x12B)
[0409/025836.963:WARNING:pe_image_reader.cc(340)] could not read dos header from C:\Windows\SYSTEM32\dbghelp.dll
[0409/025836.964:ERROR:process_memory_win.cc(73)] ReadMemory at 0x7ff8157a0000 of 64 bytes failed: Запрос ReadProcessMemory или WriteProcessMemory был выполнен только частично. (0x12B)
[0409/025836.964:WARNING:pe_image_reader.cc(340)] could not read dos header from C:\Windows\SYSTEM32\WINHTTP.dll
[0409/025836.964:ERROR:process_memory_win.cc(73)] ReadMemory at 0x7ff819750000 of 64 bytes failed: Запрос ReadProcessMemory или WriteProcessMemory был выполнен только частично. (0x12B)
[0409/025836.964:WARNING:pe_image_reader.cc(340)] could not read dos header from C:\Windows\SYSTEM32\dhcpcsvc.DLL
[0409/025836.964:ERROR:process_memory_win.cc(73)] ReadMemory at 0x7ff81f490000 of 64 bytes failed: Запрос ReadProcessMemory или WriteProcessMemory был выполнен только частично. (0x12B)
[0409/025836.964:WARNING:pe_image_reader.cc(340)] could not read dos header from C:\Windows\system32\NSI.dll
[0409/025836.964:ERROR:process_memory_win.cc(73)] ReadMemory at 0x7ff819970000 of 64 bytes failed: Запрос ReadProcessMemory или WriteProcessMemory был выполнен только частично. (0x12B)
[0409/025836.964:WARNING:pe_image_reader.cc(340)] could not read dos header from C:\Windows\SYSTEM32\WINNSI.DLL
[0409/025836.964:ERROR:process_memory_win.cc(73)] ReadMemory at 0x7ff8213e0000 of 64 bytes failed: Запрос ReadProcessMemory или WriteProcessMemory был выполнен только частично. (0x12B)
[0409/025836.964:WARNING:pe_image_reader.cc(340)] could not read dos header from C:\Windows\system32\combase.dll
[0409/025836.964:ERROR:process_memory_win.cc(73)] ReadMemory at 0x7ff817e20000 of 64 bytes failed: Запрос ReadProcessMemory или WriteProcessMemory был выполнен только частично. (0x12B)
[0409/025836.964:WARNING:pe_image_reader.cc(340)] could not read dos header from C:\Windows\SYSTEM32\WINMMBASE.dll
[0409/025836.964:ERROR:process_memory_win.cc(73)] ReadMemory at 0x7ff81ef10000 of 64 bytes failed: Запрос ReadProcessMemory или WriteProcessMemory был выполнен только частично. (0x12B)
[0409/025836.964:WARNING:pe_image_reader.cc(340)] could not read dos header from C:\Windows\system32\USER32.dll
[0409/025836.964:ERROR:process_memory_win.cc(73)] ReadMemory at 0x7ff81e980000 of 64 bytes failed: Запрос ReadProcessMemory или WriteProcessMemory был выполнен только частично. (0x12B)
[0409/025836.964:WARNING:pe_image_reader.cc(340)] could not read dos header from C:\Windows\SYSTEM32\profapi.dll
[0409/025836.964:ERROR:process_memory_win.cc(73)] ReadMemory at 0x7ff81ea30000 of 64 bytes failed: Запрос ReadProcessMemory или WriteProcessMemory был выполнен только частично. (0x12B)
[0409/025836.964:WARNING:pe_image_reader.cc(340)] could not read dos header from C:\Windows\system32\MSASN1.dll
[0409/025836.964:ERROR:process_memory_win.cc(73)] ReadMemory at 0x7ff81ee90000 of 64 bytes failed: Запрос ReadProcessMemory или WriteProcessMemory был выполнен только частично. (0x12B)
[0409/025836.964:WARNING:pe_image_reader.cc(340)] could not read dos header from C:\Windows\SYSTEM32\cfgmgr32.dll
[0409/025836.964:ERROR:process_memory_win.cc(73)] ReadMemory at 0x7ff81d7a0000 of 64 bytes failed: Запрос ReadProcessMemory или WriteProcessMemory был выполнен только частично. (0x12B)
[0409/025836.964:WARNING:pe_image_reader.cc(340)] could not read dos header from C:\Windows\SYSTEM32\DEVOBJ.dll
[0409/025836.964:ERROR:process_memory_win.cc(73)] ReadMemory at 0x7ff81f280000 of 64 bytes failed: Запрос ReadProcessMemory или WriteProcessMemory был выполнен только частично. (0x12B)
[0409/025836.964:WARNING:pe_image_reader.cc(340)] could not read dos header from C:\Windows\system32\GDI32.dll
[0409/025836.964:ERROR:process_memory_win.cc(73)] ReadMemory at 0x46c1a70000 of 64 bytes failed: Запрос ReadProcessMemory или WriteProcessMemory был выполнен только частично. (0x12B)
[0409/025836.964:WARNING:pe_image_reader.cc(340)] could not read dos header from C:\Windows\system32\IMM32.DLL
[0409/025836.964:ERROR:process_memory_win.cc(73)] ReadMemory at 0x7ff8210c0000 of 64 bytes failed: Запрос ReadProcessMemory или WriteProcessMemory был выполнен только частично. (0x12B)
[0409/025836.964:WARNING:pe_image_reader.cc(340)] could not read dos header from C:\Windows\system32\MSCTF.dll
[0409/025836.964:ERROR:process_memory_win.cc(73)] ReadMemory at 0x7ff81e8c0000 of 64 bytes failed: Запрос ReadProcessMemory или WriteProcessMemory был выполнен только частично. (0x12B)
[0409/025836.964:WARNING:pe_image_reader.cc(340)] could not read dos header from C:\Windows\SYSTEM32\CRYPTBASE.DLL
[0409/025836.964:ERROR:process_memory_win.cc(73)] ReadMemory at 0x7ff81e850000 of 64 bytes failed: Запрос ReadProcessMemory или WriteProcessMemory был выполнен только частично. (0x12B)
[0409/025836.964:WARNING:pe_image_reader.cc(340)] could not read dos header from C:\Windows\SYSTEM32\bcryptPrimitives.dll
[0409/025836.964:ERROR:process_memory_win.cc(73)] ReadMemory at 0x7ff6b54b0000 of 64 bytes failed: Запрос ReadProcessMemory или WriteProcessMemory был выполнен только частично. (0x12B)
[0409/025836.964:WARNING:pe_image_reader.cc(340)] could not read dos header from C:\Program Files (x86)\Google\Chrome\Application\chrome.exe
[0409/025836.964:ERROR:process_memory_win.cc(73)] ReadMemory at 0x7ff6b54b0000 of 64 bytes failed: Запрос ReadProcessMemory или WriteProcessMemory был выполнен только частично. (0x12B)
[0409/025836.964:WARNING:pe_image_reader.cc(340)] could not read dos header from C:\Program Files (x86)\Google\Chrome\Application\chrome.exe
[0409/025836.964:ERROR:process_memory_win.cc(73)] ReadMemory at 0x7ff821850000 of 64 bytes failed: Запрос ReadProcessMemory или WriteProcessMemory был выполнен только частично. (0x12B)
[0409/025836.964:WARNING:pe_image_reader.cc(340)] could not read dos header from C:\Windows\SYSTEM32\ntdll.dll
[0409/025836.964:ERROR:process_memory_win.cc(73)] ReadMemory at 0x7ff821850000 of 64 bytes failed: Запрос ReadProcessMemory или WriteProcessMemory был выполнен только частично. (0x12B)
[0409/025836.964:WARNING:pe_image_reader.cc(340)] could not read dos header from C:\Windows\SYSTEM32\ntdll.dll
[0409/025836.964:ERROR:process_memory_win.cc(73)] ReadMemory at 0x7ff81f100000 of 64 bytes failed: Запрос ReadProcessMemory или WriteProcessMemory был выполнен только частично. (0x12B)
[0409/025836.964:WARNING:pe_image_reader.cc(340)] could not read dos header from C:\Windows\system32\KERNEL32.DLL
[0409/025836.964:ERROR:process_memory_win.cc(73)] ReadMemory at 0x7ff81f100000 of 64 bytes failed: Запрос ReadProcessMemory или WriteProcessMemory был выполнен только частично. (0x12B)
[0409/025836.964:WARNING:pe_image_reader.cc(340)] could not read dos header from C:\Windows\system32\KERNEL32.DLL
[0409/025836.964:ERROR:process_memory_win.cc(73)] ReadMemory at 0x7ff81ed70000 of 64 bytes failed: Запрос ReadProcessMemory или WriteProcessMemory был выполнен только частично. (0x12B)
[0409/025836.964:WARNING:pe_image_reader.cc(340)] could not read dos header from C:\Windows\system32\KERNELBASE.dll
[0409/025836.964:ERROR:process_memory_win.cc(73)] ReadMemory at 0x7ff81ed70000 of 64 bytes failed: Запрос ReadProcessMemory или WriteProcessMemory был выполнен только частично. (0x12B)
[0409/025836.964:WARNING:pe_image_reader.cc(340)] could not read dos header from C:\Windows\system32\KERNELBASE.dll
[0409/025836.964:ERROR:process_memory_win.cc(73)] ReadMemory at 0x7ff80e2e0000 of 64 bytes failed: Запрос ReadProcessMemory или WriteProcessMemory был выполнен только частично. (0x12B)
[0409/025836.964:WARNING:pe_image_reader.cc(340)] could not read dos header from C:\Program Files (x86)\Google\Chrome\Application\80.0.3987.163\chrome_elf.dll
[0409/025836.964:ERROR:process_memory_win.cc(73)] ReadMemory at 0x7ff80e2e0000 of 64 bytes failed: Запрос ReadProcessMemory или WriteProcessMemory был выполнен только частично. (0x12B)
[0409/025836.964:WARNING:pe_image_reader.cc(340)] could not read dos header from C:\Program Files (x86)\Google\Chrome\Application\80.0.3987.163\chrome_elf.dll
[0409/025836.964:ERROR:process_memory_win.cc(73)] ReadMemory at 0x7ff81d190000 of 64 bytes failed: Запрос ReadProcessMemory или WriteProcessMemory был выполнен только частично. (0x12B)
[0409/025836.964:WARNING:pe_image_reader.cc(340)] could not read dos header from C:\Windows\SYSTEM32\VERSION.dll
[0409/025836.964:ERROR:process_memory_win.cc(73)] ReadMemory at 0x7ff81d190000 of 64 bytes failed: Запрос ReadProcessMemory или WriteProcessMemory был выполнен только частично. (0x12B)
[0409/025836.964:WARNING:pe_image_reader.cc(340)] could not read dos header from C:\Windows\SYSTEM32\VERSION.dll
[0409/025836.964:ERROR:process_memory_win.cc(73)] ReadMemory at 0x7ff81f6e0000 of 64 bytes failed: Запрос ReadProcessMemory или WriteProcessMemory был выполнен только частично. (0x12B)
[0409/025836.964:WARNING:pe_image_reader.cc(340)] could not read dos header from C:\Windows\system32\msvcrt.dll
[0409/025836.964:ERROR:process_memory_win.cc(73)] ReadMemory at 0x7ff81f6e0000 of 64 bytes failed: Запрос ReadProcessMemory или WriteProcessMemory был выполнен только частично. (0x12B)
[0409/025836.964:WARNING:pe_image_reader.cc(340)] could not read dos header from C:\Windows\system32\msvcrt.dll
[0409/025836.964:ERROR:process_memory_win.cc(73)] ReadMemory at 0x7ff8215f0000 of 64 bytes failed: Запрос ReadProcessMemory или WriteProcessMemory был выполнен только частично. (0x12B)
[0409/025836.964:WARNING:pe_image_reader.cc(340)] could not read dos header from C:\Windows\system32\ADVAPI32.dll
[0409/025836.965:ERROR:process_memory_win.cc(73)] ReadMemory at 0x7ff8215f0000 of 64 bytes failed: Запрос ReadProcessMemory или WriteProcessMemory был выполнен только частично. (0x12B)
[0409/025836.965:WARNING:pe_image_reader.cc(340)] could not read dos header from C:\Windows\system32\ADVAPI32.dll
[0409/025836.965:ERROR:process_memory_win.cc(73)] ReadMemory at 0x7ff81f680000 of 64 bytes failed: Запрос ReadProcessMemory или WriteProcessMemory был выполнен только частично. (0x12B)
[0409/025836.965:WARNING:pe_image_reader.cc(340)] could not read dos header from C:\Windows\SYSTEM32\sechost.dll
[0409/025836.965:ERROR:process_memory_win.cc(73)] ReadMemory at 0x7ff81f680000 of 64 bytes failed: Запрос ReadProcessMemory или WriteProcessMemory был выполнен только частично. (0x12B)
[0409/025836.965:WARNING:pe_image_reader.cc(340)] could not read dos header from C:\Windows\SYSTEM32\sechost.dll
[0409/025836.965:ERROR:process_memory_win.cc(73)] ReadMemory at 0x7ff820e50000 of 64 bytes failed: Запрос ReadProcessMemory или WriteProcessMemory был выполнен только частично. (0x12B)
[0409/025836.965:WARNING:pe_image_reader.cc(340)] could not read dos header from C:\Windows\system32\RPCRT4.dll
[0409/025836.965:ERROR:process_memory_win.cc(73)] ReadMemory at 0x7ff820e50000 of 64 bytes failed: Запрос ReadProcessMemory или WriteProcessMemory был выполнен только частично. (0x12B)
[0409/025836.965:WARNING:pe_image_reader.cc(340)] could not read dos header from C:\Windows\system32\RPCRT4.dll
[0409/025836.965:ERROR:process_memory_win.cc(73)] ReadMemory at 0x7ff81ed40000 of 64 bytes failed: Запрос ReadProcessMemory или WriteProcessMemory был выполнен только частично. (0x12B)
[0409/025836.965:WARNING:pe_image_reader.cc(340)] could not read dos header from C:\Windows\system32\SspiCli.dll
[0409/025836.965:ERROR:process_memory_win.cc(73)] ReadMemory at 0x7ff81ed40000 of 64 bytes failed: Запрос ReadProcessMemory или WriteProcessMemory был выполнен только частично. (0x12B)
[0409/025836.965:WARNING:pe_image_reader.cc(340)] could not read dos header from C:\Windows\system32\SspiCli.dll
[0409/025836.965:ERROR:process_memory_win.cc(73)] ReadMemory at 0x7ffff1e90000 of 64 bytes failed: Запрос ReadProcessMemory или WriteProcessMemory был выполнен только частично. (0x12B)
[0409/025836.965:WARNING:pe_image_reader.cc(340)] could not read dos header from C:\Program Files (x86)\Google\Chrome\Application\80.0.3987.163\chrome.dll
[0409/025836.965:ERROR:process_memory_win.cc(73)] ReadMemory at 0x7ffff1e90000 of 64 bytes failed: Запрос ReadProcessMemory или WriteProcessMemory был выполнен только частично. (0x12B)
[0409/025836.965:WARNING:pe_image_reader.cc(340)] could not read dos header from C:\Program Files (x86)\Google\Chrome\Application\80.0.3987.163\chrome.dll
[0409/025836.965:ERROR:process_memory_win.cc(73)] ReadMemory at 0x7ff81f860000 of 64 bytes failed: Запрос ReadProcessMemory или WriteProcessMemory был выполнен только частично. (0x12B)
[0409/025836.965:WARNING:pe_image_reader.cc(340)] could not read dos header from C:\Windows\system32\WS2_32.dll
[0409/025836.965:ERROR:process_memory_win.cc(73)] ReadMemory at 0x7ff81f860000 of 64 bytes failed: Запрос ReadProcessMemory или WriteProcessMemory был выполнен только частично. (0x12B)
[0409/025836.965:WARNING:pe_image_reader.cc(340)] could not read dos header from C:\Windows\system32\WS2_32.dll
[0409/025836.965:ERROR:process_memory_win.cc(73)] ReadMemory at 0x7ff8199a0000 of 64 bytes failed: Запрос ReadProcessMemory или WriteProcessMemory был выполнен только частично. (0x12B)
[0409/025836.965:WARNING:pe_image_reader.cc(340)] could not read dos header from C:\Windows\SYSTEM32\IPHLPAPI.DLL
[0409/025836.965:ERROR:process_memory_win.cc(73)] ReadMemory at 0x7ff8199a0000 of 64 bytes failed: Запрос ReadProcessMemory или WriteProcessMemory был выполнен только частично. (0x12B)
[0409/025836.965:WARNING:pe_image_reader.cc(340)] could not read dos header from C:\Windows\SYSTEM32\IPHLPAPI.DLL
[0409/025836.965:ERROR:process_memory_win.cc(73)] ReadMemory at 0x7ff81f790000 of 64 bytes failed: Запрос ReadProcessMemory или WriteProcessMemory был выполнен только частично. (0x12B)
[0409/025836.965:WARNING:pe_image_reader.cc(340)] could not read dos header from C:\Windows\system32\OLEAUT32.dll
[0409/025836.965:ERROR:process_memory_win.cc(73)] ReadMemory at 0x7ff81f790000 of 64 bytes failed: Запрос ReadProcessMemory или WriteProcessMemory был выполнен только частично. (0x12B)
[0409/025836.965:WARNING:pe_image_reader.cc(340)] could not read dos header from C:\Windows\system32\OLEAUT32.dll
[0409/025836.965:ERROR:process_memory_win.cc(73)] ReadMemory at 0x7ff817fa0000 of 64 bytes failed: Запрос ReadProcessMemory или WriteProcessMemory был выполнен только частично. (0x12B)
[0409/025836.965:WARNING:pe_image_reader.cc(340)] could not read dos header from C:\Windows\SYSTEM32\WINMM.dll
[0409/025836.965:ERROR:process_memory_win.cc(73)] ReadMemory at 0x7ff817fa0000 of 64 bytes failed: Запрос ReadProcessMemory или WriteProcessMemory был выполнен только частично. (0x12B)
[0409/025836.965:WARNING:pe_image_reader.cc(340)] could not read dos header from C:\Windows\SYSTEM32\WINMM.dll
[0409/025836.965:ERROR:process_memory_win.cc(73)] ReadMemory at 0x7ff810090000 of 64 bytes failed: Запрос ReadProcessMemory или WriteProcessMemory был выполнен только частично. (0x12B)
[0409/025836.965:WARNING:pe_image_reader.cc(340)] could not read dos header from C:\Windows\SYSTEM32\Secur32.dll
[0409/025836.965:ERROR:process_memory_win.cc(73)] ReadMemory at 0x7ff810090000 of 64 bytes failed: Запрос ReadProcessMemory или WriteProcessMemory был выполнен только частично. (0x12B)
[0409/025836.965:WARNING:pe_image_reader.cc(340)] could not read dos header from C:\Windows\SYSTEM32\Secur32.dll
[0409/025836.965:ERROR:process_memory_win.cc(73)] ReadMemory at 0x7ff81df40000 of 64 bytes failed: Запрос ReadProcessMemory или WriteProcessMemory был выполнен только частично. (0x12B)
[0409/025836.965:WARNING:pe_image_reader.cc(340)] could not read dos header from C:\Windows\SYSTEM32\USERENV.dll
[0409/025836.965:ERROR:process_memory_win.cc(73)] ReadMemory at 0x7ff81df40000 of 64 bytes failed: Запрос ReadProcessMemory или WriteProcessMemory был выполнен только частично. (0x12B)
[0409/025836.965:WARNING:pe_image_reader.cc(340)] could not read dos header from C:\Windows\SYSTEM32\USERENV.dll
[0409/025836.965:ERROR:process_memory_win.cc(73)] ReadMemory at 0x7ff81ec30000 of 64 bytes failed: Запрос ReadProcessMemory или WriteProcessMemory был выполнен только частично. (0x12B)
[0409/025836.965:WARNING:pe_image_reader.cc(340)] could not read dos header from C:\Windows\system32\WINTRUST.dll
[0409/025836.965:ERROR:process_memory_win.cc(73)] ReadMemory at 0x7ff81ec30000 of 64 bytes failed: Запрос ReadProcessMemory или WriteProcessMemory был выполнен только частично. (0x12B)
[0409/025836.965:WARNING:pe_image_reader.cc(340)] could not read dos header from C:\Windows\system32\WINTRUST.dll
[0409/025836.965:ERROR:process_memory_win.cc(73)] ReadMemory at 0x7ff80c520000 of 64 bytes failed: Запрос ReadProcessMemory или WriteProcessMemory был выполнен только частично. (0x12B)
[0409/025836.965:WARNING:pe_image_reader.cc(340)] could not read dos header from C:\Windows\SYSTEM32\UIAutomationCore.DLL
[0409/025836.965:ERROR:process_memory_win.cc(73)] ReadMemory at 0x7ff80c520000 of 64 bytes failed: Запрос ReadProcessMemory или WriteProcessMemory был выполнен только частично. (0x12B)
[0409/025836.965:WARNING:pe_image_reader.cc(340)] could not read dos header from C:\Windows\SYSTEM32\UIAutomationCore.DLL
[0409/025836.965:ERROR:process_memory_win.cc(73)] ReadMemory at 0x7ff81ea50000 of 64 bytes failed: Запрос ReadProcessMemory или WriteProcessMemory был выполнен только частично. (0x12B)
[0409/025836.965:WARNING:pe_image_reader.cc(340)] could not read dos header from C:\Windows\system32\CRYPT32.dll
[0409/025836.965:ERROR:process_memory_win.cc(73)] ReadMemory at 0x7ff81ea50000 of 64 bytes failed: Запрос ReadProcessMemory или WriteProcessMemory был выполнен только частично. (0x12B)
[0409/025836.965:WARNING:pe_image_reader.cc(340)] could not read dos header from C:\Windows\system32\CRYPT32.dll
[0409/025836.965:ERROR:process_memory_win.cc(73)] ReadMemory at 0x7ff81b8d0000 of 64 bytes failed: Запрос ReadProcessMemory или WriteProcessMemory был выполнен только частично. (0x12B)
[0409/025836.965:WARNING:pe_image_reader.cc(340)] could not read dos header from C:\Windows\SYSTEM32\DWrite.dll
[0409/025836.965:ERROR:process_memory_win.cc(73)] ReadMemory at 0x7ff81b8d0000 of 64 bytes failed: Запрос ReadProcessMemory или WriteProcessMemory был выполнен только частично. (0x12B)
[0409/025836.965:WARNING:pe_image_reader.cc(340)] could not read dos header from C:\Windows\SYSTEM32\DWrite.dll
[0409/025836.965:ERROR:process_memory_win.cc(73)] ReadMemory at 0x7ff817e50000 of 64 bytes failed: Запрос ReadProcessMemory или WriteProcessMemory был выполнен только частично. (0x12B)
[0409/025836.965:WARNING:pe_image_reader.cc(340)] could not read dos header from C:\Windows\SYSTEM32\WINSPOOL.DRV
[0409/025836.965:ERROR:process_memory_win.cc(73)] ReadMemory at 0x7ff817e50000 of 64 bytes failed: Запрос ReadProcessMemory или WriteProcessMemory был выполнен только частично. (0x12B)
[0409/025836.965:WARNING:pe_image_reader.cc(340)] could not read dos header from C:\Windows\SYSTEM32\WINSPOOL.DRV
[0409/025836.965:ERROR:process_memory_win.cc(73)] ReadMemory at 0x7ff800440000 of 64 bytes failed: Запрос ReadProcessMemory или WriteProcessMemory был выполнен только частично. (0x12B)
[0409/025836.965:WARNING:pe_image_reader.cc(340)] could not read dos header from C:\Windows\SYSTEM32\dbghelp.dll
[0409/025836.965:ERROR:process_memory_win.cc(73)] ReadMemory at 0x7ff800440000 of 64 bytes failed: Запрос ReadProcessMemory или WriteProcessMemory был выполнен только частично. (0x12B)
[0409/025836.965:WARNING:pe_image_reader.cc(340)] could not read dos header from C:\Windows\SYSTEM32\dbghelp.dll
[0409/025836.965:ERROR:process_memory_win.cc(73)] ReadMemory at 0x7ff8157a0000 of 64 bytes failed: Запрос ReadProcessMemory или WriteProcessMemory был выполнен только частично. (0x12B)
[0409/025836.965:WARNING:pe_image_reader.cc(340)] could not read dos header from C:\Windows\SYSTEM32\WINHTTP.dll
[0409/025836.965:ERROR:process_memory_win.cc(73)] ReadMemory at 0x7ff8157a0000 of 64 bytes failed: Запрос ReadProcessMemory или WriteProcessMemory был выполнен только частично. (0x12B)
[0409/025836.965:WARNING:pe_image_reader.cc(340)] could not read dos header from C:\Windows\SYSTEM32\WINHTTP.dll
[0409/025836.966:ERROR:process_memory_win.cc(73)] ReadMemory at 0x7ff819750000 of 64 bytes failed: Запрос ReadProcessMemory или WriteProcessMemory был выполнен только частично. (0x12B)
[0409/025836.966:WARNING:pe_image_reader.cc(340)] could not read dos header from C:\Windows\SYSTEM32\dhcpcsvc.DLL
[0409/025836.966:ERROR:process_memory_win.cc(73)] ReadMemory at 0x7ff819750000 of 64 bytes failed: Запрос ReadProcessMemory или WriteProcessMemory был выполнен только частично. (0x12B)
[0409/025836.966:WARNING:pe_image_reader.cc(340)] could not read dos header from C:\Windows\SYSTEM32\dhcpcsvc.DLL
[0409/025836.966:ERROR:process_memory_win.cc(73)] ReadMemory at 0x7ff81f490000 of 64 bytes failed: Запрос ReadProcessMemory или WriteProcessMemory был выполнен только частично. (0x12B)
[0409/025836.966:WARNING:pe_image_reader.cc(340)] could not read dos header from C:\Windows\system32\NSI.dll
[0409/025836.966:ERROR:process_memory_win.cc(73)] ReadMemory at 0x7ff81f490000 of 64 bytes failed: Запрос ReadProcessMemory или WriteProcessMemory был выполнен только частично. (0x12B)
[0409/025836.966:WARNING:pe_image_reader.cc(340)] could not read dos header from C:\Windows\system32\NSI.dll
[0409/025836.966:ERROR:process_memory_win.cc(73)] ReadMemory at 0x7ff819970000 of 64 bytes failed: Запрос ReadProcessMemory или WriteProcessMemory был выполнен только частично. (0x12B)
[0409/025836.966:WARNING:pe_image_reader.cc(340)] could not read dos header from C:\Windows\SYSTEM32\WINNSI.DLL
[0409/025836.966:ERROR:process_memory_win.cc(73)] ReadMemory at 0x7ff819970000 of 64 bytes failed: Запрос ReadProcessMemory или WriteProcessMemory был выполнен только частично. (0x12B)
[0409/025836.966:WARNING:pe_image_reader.cc(340)] could not read dos header from C:\Windows\SYSTEM32\WINNSI.DLL
[0409/025836.966:ERROR:process_memory_win.cc(73)] ReadMemory at 0x7ff8213e0000 of 64 bytes failed: Запрос ReadProcessMemory или WriteProcessMemory был выполнен только частично. (0x12B)
[0409/025836.966:WARNING:pe_image_reader.cc(340)] could not read dos header from C:\Windows\system32\combase.dll
[0409/025836.966:ERROR:process_memory_win.cc(73)] ReadMemory at 0x7ff8213e0000 of 64 bytes failed: Запрос ReadProcessMemory или WriteProcessMemory был выполнен только частично. (0x12B)
[0409/025836.966:WARNING:pe_image_reader.cc(340)] could not read dos header from C:\Windows\system32\combase.dll
[0409/025836.966:ERROR:process_memory_win.cc(73)] ReadMemory at 0x7ff817e20000 of 64 bytes failed: Запрос ReadProcessMemory или WriteProcessMemory был выполнен только частично. (0x12B)
[0409/025836.966:WARNING:pe_image_reader.cc(340)] could not read dos header from C:\Windows\SYSTEM32\WINMMBASE.dll
[0409/025836.966:ERROR:process_memory_win.cc(73)] ReadMemory at 0x7ff817e20000 of 64 bytes failed: Запрос ReadProcessMemory или WriteProcessMemory был выполнен только частично. (0x12B)
[0409/025836.966:WARNING:pe_image_reader.cc(340)] could not read dos header from C:\Windows\SYSTEM32\WINMMBASE.dll
[0409/025836.966:ERROR:process_memory_win.cc(73)] ReadMemory at 0x7ff81ef10000 of 64 bytes failed: Запрос ReadProcessMemory или WriteProcessMemory был выполнен только частично. (0x12B)
[0409/025836.966:WARNING:pe_image_reader.cc(340)] could not read dos header from C:\Windows\system32\USER32.dll
[0409/025836.966:ERROR:process_memory_win.cc(73)] ReadMemory at 0x7ff81ef10000 of 64 bytes failed: Запрос ReadProcessMemory или WriteProcessMemory был выполнен только частично. (0x12B)
[0409/025836.966:WARNING:pe_image_reader.cc(340)] could not read dos header from C:\Windows\system32\USER32.dll
[0409/025836.966:ERROR:process_memory_win.cc(73)] ReadMemory at 0x7ff81e980000 of 64 bytes failed: Запрос ReadProcessMemory или WriteProcessMemory был выполнен только частично. (0x12B)
[0409/025836.966:WARNING:pe_image_reader.cc(340)] could not read dos header from C:\Windows\SYSTEM32\profapi.dll
[0409/025836.966:ERROR:process_memory_win.cc(73)] ReadMemory at 0x7ff81e980000 of 64 bytes failed: Запрос ReadProcessMemory или WriteProcessMemory был выполнен только частично. (0x12B)
[0409/025836.966:WARNING:pe_image_reader.cc(340)] could not read dos header from C:\Windows\SYSTEM32\profapi.dll
[0409/025836.966:ERROR:process_memory_win.cc(73)] ReadMemory at 0x7ff81ea30000 of 64 bytes failed: Запрос ReadProcessMemory или WriteProcessMemory был выполнен только частично. (0x12B)
[0409/025836.966:WARNING:pe_image_reader.cc(340)] could not read dos header from C:\Windows\system32\MSASN1.dll
[0409/025836.966:ERROR:process_memory_win.cc(73)] ReadMemory at 0x7ff81ea30000 of 64 bytes failed: Запрос ReadProcessMemory или WriteProcessMemory был выполнен только частично. (0x12B)
[0409/025836.966:WARNING:pe_image_reader.cc(340)] could not read dos header from C:\Windows\system32\MSASN1.dll
[0409/025836.966:ERROR:process_memory_win.cc(73)] ReadMemory at 0x7ff81ee90000 of 64 bytes failed: Запрос ReadProcessMemory или WriteProcessMemory был выполнен только частично. (0x12B)
[0409/025836.966:WARNING:pe_image_reader.cc(340)] could not read dos header from C:\Windows\SYSTEM32\cfgmgr32.dll
[0409/025836.966:ERROR:process_memory_win.cc(73)] ReadMemory at 0x7ff81ee90000 of 64 bytes failed: Запрос ReadProcessMemory или WriteProcessMemory был выполнен только частично. (0x12B)
[0409/025836.966:WARNING:pe_image_reader.cc(340)] could not read dos header from C:\Windows\SYSTEM32\cfgmgr32.dll
[0409/025836.966:ERROR:process_memory_win.cc(73)] ReadMemory at 0x7ff81d7a0000 of 64 bytes failed: Запрос ReadProcessMemory или WriteProcessMemory был выполнен только частично. (0x12B)
[0409/025836.966:WARNING:pe_image_reader.cc(340)] could not read dos header from C:\Windows\SYSTEM32\DEVOBJ.dll
[0409/025836.966:ERROR:process_memory_win.cc(73)] ReadMemory at 0x7ff81d7a0000 of 64 bytes failed: Запрос ReadProcessMemory или WriteProcessMemory был выполнен только частично. (0x12B)
[0409/025836.966:WARNING:pe_image_reader.cc(340)] could not read dos header from C:\Windows\SYSTEM32\DEVOBJ.dll
[0409/025836.966:ERROR:process_memory_win.cc(73)] ReadMemory at 0x7ff81f280000 of 64 bytes failed: Запрос ReadProcessMemory или WriteProcessMemory был выполнен только частично. (0x12B)
[0409/025836.966:WARNING:pe_image_reader.cc(340)] could not read dos header from C:\Windows\system32\GDI32.dll
[0409/025836.966:ERROR:process_memory_win.cc(73)] ReadMemory at 0x7ff81f280000 of 64 bytes failed: Запрос ReadProcessMemory или WriteProcessMemory был выполнен только частично. (0x12B)
[0409/025836.966:WARNING:pe_image_reader.cc(340)] could not read dos header from C:\Windows\system32\GDI32.dll
[0409/025836.966:ERROR:process_memory_win.cc(73)] ReadMemory at 0x46c1a70000 of 64 bytes failed: Запрос ReadProcessMemory или WriteProcessMemory был выполнен только частично. (0x12B)
[0409/025836.966:WARNING:pe_image_reader.cc(340)] could not read dos header from C:\Windows\system32\IMM32.DLL
[0409/025836.966:ERROR:process_memory_win.cc(73)] ReadMemory at 0x46c1a70000 of 64 bytes failed: Запрос ReadProcessMemory или WriteProcessMemory был выполнен только частично. (0x12B)
[0409/025836.966:WARNING:pe_image_reader.cc(340)] could not read dos header from C:\Windows\system32\IMM32.DLL
[0409/025836.966:ERROR:process_memory_win.cc(73)] ReadMemory at 0x7ff8210c0000 of 64 bytes failed: Запрос ReadProcessMemory или WriteProcessMemory был выполнен только частично. (0x12B)
[0409/025836.966:WARNING:pe_image_reader.cc(340)] could not read dos header from C:\Windows\system32\MSCTF.dll
[0409/025836.966:ERROR:process_memory_win.cc(73)] ReadMemory at 0x7ff8210c0000 of 64 bytes failed: Запрос ReadProcessMemory или WriteProcessMemory был выполнен только частично. (0x12B)
[0409/025836.966:WARNING:pe_image_reader.cc(340)] could not read dos header from C:\Windows\system32\MSCTF.dll
[0409/025836.966:ERROR:process_memory_win.cc(73)] ReadMemory at 0x7ff81e8c0000 of 64 bytes failed: Запрос ReadProcessMemory или WriteProcessMemory был выполнен только частично. (0x12B)
[0409/025836.966:WARNING:pe_image_reader.cc(340)] could not read dos header from C:\Windows\SYSTEM32\CRYPTBASE.DLL
[0409/025836.966:ERROR:process_memory_win.cc(73)] ReadMemory at 0x7ff81e8c0000 of 64 bytes failed: Запрос ReadProcessMemory или WriteProcessMemory был выполнен только частично. (0x12B)
[0409/025836.966:WARNING:pe_image_reader.cc(340)] could not read dos header from C:\Windows\SYSTEM32\CRYPTBASE.DLL
[0409/025836.966:ERROR:process_memory_win.cc(73)] ReadMemory at 0x7ff81e850000 of 64 bytes failed: Запрос ReadProcessMemory или WriteProcessMemory был выполнен только частично. (0x12B)
[0409/025836.966:WARNING:pe_image_reader.cc(340)] could not read dos header from C:\Windows\SYSTEM32\bcryptPrimitives.dll
[0409/025836.966:ERROR:process_memory_win.cc(73)] ReadMemory at 0x7ff81e850000 of 64 bytes failed: Запрос ReadProcessMemory или WriteProcessMemory был выполнен только частично. (0x12B)
[0409/025836.966:WARNING:pe_image_reader.cc(340)] could not read dos header from C:\Windows\SYSTEM32\bcryptPrimitives.dll
[0409/025843.094:ERROR:process_memory_win.cc(73)] ReadMemory at 0x7ff6b54b0000 of 64 bytes failed: Запрос ReadProcessMemory или WriteProcessMemory был выполнен только частично. (0x12B)
[0409/025843.094:WARNING:pe_image_reader.cc(340)] could not read dos header from C:\Program Files (x86)\Google\Chrome\Application\chrome.exe
[0409/025843.094:ERROR:process_memory_win.cc(73)] ReadMemory at 0x7ff821850000 of 64 bytes failed: Запрос ReadProcessMemory или WriteProcessMemory был выполнен только частично. (0x12B)
[0409/025843.094:WARNING:pe_image_reader.cc(340)] could not read dos header from C:\Windows\SYSTEM32\ntdll.dll
[0409/025843.094:ERROR:process_memory_win.cc(73)] ReadMemory at 0x7ff81f100000 of 64 bytes failed: Запрос ReadProcessMemory или WriteProcessMemory был выполнен только частично. (0x12B)
[0409/025843.094:WARNING:pe_image_reader.cc(340)] could not read dos header from C:\Windows\system32\KERNEL32.DLL
[0409/025843.094:ERROR:process_memory_win.cc(73)] ReadMemory at 0x7ff81ed70000 of 64 bytes failed: Запрос ReadProcessMemory или WriteProcessMemory был выполнен только частично. (0x12B)
[0409/025843.094:WARNING:pe_image_reader.cc(340)] could not read dos header from C:\Windows\system32\KERNELBASE.dll
[0409/025843.094:ERROR:process_memory_win.cc(73)] ReadMemory at 0x7ff80e2e0000 of 64 bytes failed: Запрос ReadProcessMemory или WriteProcessMemory был выполнен только частично. (0x12B)
[0409/025843.094:WARNING:pe_image_reader.cc(340)] could not read dos header from C:\Program Files (x86)\Google\Chrome\Application\80.0.3987.163\chrome_elf.dll
[0409/025843.094:ERROR:process_memory_win.cc(73)] ReadMemory at 0x7ff81d190000 of 64 bytes failed: Запрос ReadProcessMemory или WriteProcessMemory был выполнен только частично. (0x12B)
[0409/025843.094:WARNING:pe_image_reader.cc(340)] could not read dos header from C:\Windows\SYSTEM32\VERSION.dll
[0409/025843.094:ERROR:process_memory_win.cc(73)] ReadMemory at 0x7ff81f6e0000 of 64 bytes failed: Запрос ReadProcessMemory или WriteProcessMemory был выполнен только частично. (0x12B)
[0409/025843.094:WARNING:pe_image_reader.cc(340)] could not read dos header from C:\Windows\system32\msvcrt.dll
[0409/025843.094:ERROR:process_memory_win.cc(73)] ReadMemory at 0x7ff8215f0000 of 64 bytes failed: Запрос ReadProcessMemory или WriteProcessMemory был выполнен только частично. (0x12B)
[0409/025843.094:WARNING:pe_image_reader.cc(340)] could not read dos header from C:\Windows\system32\ADVAPI32.dll
[0409/025843.094:ERROR:process_memory_win.cc(73)] ReadMemory at 0x7ff81f680000 of 64 bytes failed: Запрос ReadProcessMemory или WriteProcessMemory был выполнен только частично. (0x12B)
[0409/025843.094:WARNING:pe_image_reader.cc(340)] could not read dos header from C:\Windows\SYSTEM32\sechost.dll
[0409/025843.094:ERROR:process_memory_win.cc(73)] ReadMemory at 0x7ff820e50000 of 64 bytes failed: Запрос ReadProcessMemory или WriteProcessMemory был выполнен только частично. (0x12B)
[0409/025843.094:WARNING:pe_image_reader.cc(340)] could not read dos header from C:\Windows\system32\RPCRT4.dll
[0409/025843.094:ERROR:process_memory_win.cc(73)] ReadMemory at 0x7ff81ed40000 of 64 bytes failed: Запрос ReadProcessMemory или WriteProcessMemory был выполнен только частично. (0x12B)
[0409/025843.094:WARNING:pe_image_reader.cc(340)] could not read dos header from C:\Windows\system32\SspiCli.dll
[0409/025843.094:ERROR:process_memory_win.cc(73)] ReadMemory at 0x7ffff1e90000 of 64 bytes failed: Запрос ReadProcessMemory или WriteProcessMemory был выполнен только частично. (0x12B)
[0409/025843.094:WARNING:pe_image_reader.cc(340)] could not read dos header from C:\Program Files (x86)\Google\Chrome\Application\80.0.3987.163\chrome.dll
[0409/025843.094:ERROR:process_memory_win.cc(73)] ReadMemory at 0x7ff81f860000 of 64 bytes failed: Запрос ReadProcessMemory или WriteProcessMemory был выполнен только частично. (0x12B)
[0409/025843.094:WARNING:pe_image_reader.cc(340)] could not read dos header from C:\Windows\system32\WS2_32.dll
[0409/025843.094:ERROR:process_memory_win.cc(73)] ReadMemory at 0x7ff8199a0000 of 64 bytes failed: Запрос ReadProcessMemory или WriteProcessMemory был выполнен только частично. (0x12B)
[0409/025843.094:WARNING:pe_image_reader.cc(340)] could not read dos header from C:\Windows\SYSTEM32\IPHLPAPI.DLL
[0409/025843.094:ERROR:process_memory_win.cc(73)] ReadMemory at 0x7ff81f790000 of 64 bytes failed: Запрос ReadProcessMemory или WriteProcessMemory был выполнен только частично. (0x12B)
[0409/025843.094:WARNING:pe_image_reader.cc(340)] could not read dos header from C:\Windows\system32\OLEAUT32.dll
[0409/025843.094:ERROR:process_memory_win.cc(73)] ReadMemory at 0x7ff817fa0000 of 64 bytes failed: Запрос ReadProcessMemory или WriteProcessMemory был выполнен только частично. (0x12B)
[0409/025843.094:WARNING:pe_image_reader.cc(340)] could not read dos header from C:\Windows\SYSTEM32\WINMM.dll
[0409/025843.094:ERROR:process_memory_win.cc(73)] ReadMemory at 0x7ff810090000 of 64 bytes failed: Запрос ReadProcessMemory или WriteProcessMemory был выполнен только частично. (0x12B)
[0409/025843.095:WARNING:pe_image_reader.cc(340)] could not read dos header from C:\Windows\SYSTEM32\Secur32.dll
[0409/025843.095:ERROR:process_memory_win.cc(73)] ReadMemory at 0x7ff81df40000 of 64 bytes failed: Запрос ReadProcessMemory или WriteProcessMemory был выполнен только частично. (0x12B)
[0409/025843.095:WARNING:pe_image_reader.cc(340)] could not read dos header from C:\Windows\SYSTEM32\USERENV.dll
[0409/025843.095:ERROR:process_memory_win.cc(73)] ReadMemory at 0x7ff81ec30000 of 64 bytes failed: Запрос ReadProcessMemory или WriteProcessMemory был выполнен только частично. (0x12B)
[0409/025843.095:WARNING:pe_image_reader.cc(340)] could not read dos header from C:\Windows\system32\WINTRUST.dll
[0409/025843.095:ERROR:process_memory_win.cc(73)] ReadMemory at 0x7ff80c520000 of 64 bytes failed: Запрос ReadProcessMemory или WriteProcessMemory был выполнен только частично. (0x12B)
[0409/025843.095:WARNING:pe_image_reader.cc(340)] could not read dos header from C:\Windows\SYSTEM32\UIAutomationCore.DLL
[0409/025843.095:ERROR:process_memory_win.cc(73)] ReadMemory at 0x7ff81ea50000 of 64 bytes failed: Запрос ReadProcessMemory или WriteProcessMemory был выполнен только частично. (0x12B)
[0409/025843.095:WARNING:pe_image_reader.cc(340)] could not read dos header from C:\Windows\system32\CRYPT32.dll
[0409/025843.095:ERROR:process_memory_win.cc(73)] ReadMemory at 0x7ff81b8d0000 of 64 bytes failed: Запрос ReadProcessMemory или WriteProcessMemory был выполнен только частично. (0x12B)
[0409/025843.095:WARNING:pe_image_reader.cc(340)] could not read dos header from C:\Windows\SYSTEM32\DWrite.dll
[0409/025843.095:ERROR:process_memory_win.cc(73)] ReadMemory at 0x7ff817e50000 of 64 bytes failed: Запрос ReadProcessMemory или WriteProcessMemory был выполнен только частично. (0x12B)
[0409/025843.095:WARNING:pe_image_reader.cc(340)] could not read dos header from C:\Windows\SYSTEM32\WINSPOOL.DRV
[0409/025843.095:ERROR:process_memory_win.cc(73)] ReadMemory at 0x7ff800440000 of 64 bytes failed: Запрос ReadProcessMemory или WriteProcessMemory был выполнен только частично. (0x12B)
[0409/025843.095:WARNING:pe_image_reader.cc(340)] could not read dos header from C:\Windows\SYSTEM32\dbghelp.dll
[0409/025843.095:ERROR:process_memory_win.cc(73)] ReadMemory at 0x7ff8157a0000 of 64 bytes failed: Запрос ReadProcessMemory или WriteProcessMemory был выполнен только частично. (0x12B)
[0409/025843.095:WARNING:pe_image_reader.cc(340)] could not read dos header from C:\Windows\SYSTEM32\WINHTTP.dll
[0409/025843.095:ERROR:process_memory_win.cc(73)] ReadMemory at 0x7ff819750000 of 64 bytes failed: Запрос ReadProcessMemory или WriteProcessMemory был выполнен только частично. (0x12B)
[0409/025843.095:WARNING:pe_image_reader.cc(340)] could not read dos header from C:\Windows\SYSTEM32\dhcpcsvc.DLL
[0409/025843.095:ERROR:process_memory_win.cc(73)] ReadMemory at 0x7ff81f490000 of 64 bytes failed: Запрос ReadProcessMemory или WriteProcessMemory был выполнен только частично. (0x12B)
[0409/025843.095:WARNING:pe_image_reader.cc(340)] could not read dos header from C:\Windows\system32\NSI.dll
[0409/025843.095:ERROR:process_memory_win.cc(73)] ReadMemory at 0x7ff819970000 of 64 bytes failed: Запрос ReadProcessMemory или WriteProcessMemory был выполнен только частично. (0x12B)
[0409/025843.095:WARNING:pe_image_reader.cc(340)] could not read dos header from C:\Windows\SYSTEM32\WINNSI.DLL
[0409/025843.095:ERROR:process_memory_win.cc(73)] ReadMemory at 0x7ff8213e0000 of 64 bytes failed: Запрос ReadProcessMemory или WriteProcessMemory был выполнен только частично. (0x12B)
[0409/025843.095:WARNING:pe_image_reader.cc(340)] could not read dos header from C:\Windows\system32\combase.dll
[0409/025843.095:ERROR:process_memory_win.cc(73)] ReadMemory at 0x7ff817e20000 of 64 bytes failed: Запрос ReadProcessMemory или WriteProcessMemory был выполнен только частично. (0x12B)
[0409/025843.095:WARNING:pe_image_reader.cc(340)] could not read dos header from C:\Windows\SYSTEM32\WINMMBASE.dll
[0409/025843.095:ERROR:process_memory_win.cc(73)] ReadMemory at 0x7ff81ef10000 of 64 bytes failed: Запрос ReadProcessMemory или WriteProcessMemory был выполнен только частично. (0x12B)
[0409/025843.095:WARNING:pe_image_reader.cc(340)] could not read dos header from C:\Windows\system32\USER32.dll
[0409/025843.095:ERROR:process_memory_win.cc(73)] ReadMemory at 0x7ff81e980000 of 64 bytes failed: Запрос ReadProcessMemory или WriteProcessMemory был выполнен только частично. (0x12B)
[0409/025843.095:WARNING:pe_image_reader.cc(340)] could not read dos header from C:\Windows\SYSTEM32\profapi.dll
[0409/025843.095:ERROR:process_memory_win.cc(73)] ReadMemory at 0x7ff81ea30000 of 64 bytes failed: Запрос ReadProcessMemory или WriteProcessMemory был выполнен только частично. (0x12B)
[0409/025843.095:WARNING:pe_image_reader.cc(340)] could not read dos header from C:\Windows\system32\MSASN1.dll
[0409/025843.095:ERROR:process_memory_win.cc(73)] ReadMemory at 0x7ff81ee90000 of 64 bytes failed: Запрос ReadProcessMemory или WriteProcessMemory был выполнен только частично. (0x12B)
[0409/025843.095:WARNING:pe_image_reader.cc(340)] could not read dos header from C:\Windows\SYSTEM32\cfgmgr32.dll
[0409/025843.095:ERROR:process_memory_win.cc(73)] ReadMemory at 0x7ff81d7a0000 of 64 bytes failed: Запрос ReadProcessMemory или WriteProcessMemory был выполнен только частично. (0x12B)
[0409/025843.095:WARNING:pe_image_reader.cc(340)] could not read dos header from C:\Windows\SYSTEM32\DEVOBJ.dll
[0409/025843.095:ERROR:process_memory_win.cc(73)] ReadMemory at 0x7ff81f280000 of 64 bytes failed: Запрос ReadProcessMemory или WriteProcessMemory был выполнен только частично. (0x12B)
[0409/025843.095:WARNING:pe_image_reader.cc(340)] could not read dos header from C:\Windows\system32\GDI32.dll
[0409/025843.095:ERROR:process_memory_win.cc(73)] ReadMemory at 0x46c1a70000 of 64 bytes failed: Запрос ReadProcessMemory или WriteProcessMemory был выполнен только частично. (0x12B)
[0409/025843.095:WARNING:pe_image_reader.cc(340)] could not read dos header from C:\Windows\system32\IMM32.DLL
[0409/025843.095:ERROR:process_memory_win.cc(73)] ReadMemory at 0x7ff8210c0000 of 64 bytes failed: Запрос ReadProcessMemory или WriteProcessMemory был выполнен только частично. (0x12B)
[0409/025843.095:WARNING:pe_image_reader.cc(340)] could not read dos header from C:\Windows\system32\MSCTF.dll
[0409/025843.095:ERROR:process_memory_win.cc(73)] ReadMemory at 0x7ff81e8c0000 of 64 bytes failed: Запрос ReadProcessMemory или WriteProcessMemory был выполнен только частично. (0x12B)
[0409/025843.095:WARNING:pe_image_reader.cc(340)] could not read dos header from C:\Windows\SYSTEM32\CRYPTBASE.DLL
[0409/025843.095:ERROR:process_memory_win.cc(73)] ReadMemory at 0x7ff81e850000 of 64 bytes failed: Запрос ReadProcessMemory или WriteProcessMemory был выполнен только частично. (0x12B)
[0409/025843.095:WARNING:pe_image_reader.cc(340)] could not read dos header from C:\Windows\SYSTEM32\bcryptPrimitives.dll
[0409/025843.095:ERROR:process_memory_win.cc(73)] ReadMemory at 0x7ff6b54b0000 of 64 bytes failed: Запрос ReadProcessMemory или WriteProcessMemory был выполнен только частично. (0x12B)
[0409/025843.095:WARNING:pe_image_reader.cc(340)] could not read dos header from C:\Program Files (x86)\Google\Chrome\Application\chrome.exe
[0409/025843.095:ERROR:process_memory_win.cc(73)] ReadMemory at 0x7ff821850000 of 64 bytes failed: Запрос ReadProcessMemory или WriteProcessMemory был выполнен только частично. (0x12B)
[0409/025843.095:WARNING:pe_image_reader.cc(340)] could not read dos header from C:\Windows\SYSTEM32\ntdll.dll
[0409/025843.095:ERROR:process_memory_win.cc(73)] ReadMemory at 0x7ff81f100000 of 64 bytes failed: Запрос ReadProcessMemory или WriteProcessMemory был выполнен только частично. (0x12B)
[0409/025843.095:WARNING:pe_image_reader.cc(340)] could not read dos header from C:\Windows\system32\KERNEL32.DLL
[0409/025843.095:ERROR:process_memory_win.cc(73)] ReadMemory at 0x7ff81ed70000 of 64 bytes failed: Запрос ReadProcessMemory или WriteProcessMemory был выполнен только частично. (0x12B)
[0409/025843.095:WARNING:pe_image_reader.cc(340)] could not read dos header from C:\Windows\system32\KERNELBASE.dll
[0409/025843.095:ERROR:process_memory_win.cc(73)] ReadMemory at 0x7ff80e2e0000 of 64 bytes failed: Запрос ReadProcessMemory или WriteProcessMemory был выполнен только частично. (0x12B)
[0409/025843.095:WARNING:pe_image_reader.cc(340)] could not read dos header from C:\Program Files (x86)\Google\Chrome\Application\80.0.3987.163\chrome_elf.dll
[0409/025843.095:ERROR:process_memory_win.cc(73)] ReadMemory at 0x7ff81d190000 of 64 bytes failed: Запрос ReadProcessMemory или WriteProcessMemory был выполнен только частично. (0x12B)
[0409/025843.095:WARNING:pe_image_reader.cc(340)] could not read dos header from C:\Windows\SYSTEM32\VERSION.dll
[0409/025843.095:ERROR:process_memory_win.cc(73)] ReadMemory at 0x7ff81f6e0000 of 64 bytes failed: Запрос ReadProcessMemory или WriteProcessMemory был выполнен только частично. (0x12B)
[0409/025843.095:WARNING:pe_image_reader.cc(340)] could not read dos header from C:\Windows\system32\msvcrt.dll
[0409/025843.095:ERROR:process_memory_win.cc(73)] ReadMemory at 0x7ff8215f0000 of 64 bytes failed: Запрос ReadProcessMemory или WriteProcessMemory был выполнен только частично. (0x12B)
[0409/025843.095:WARNING:pe_image_reader.cc(340)] could not read dos header from C:\Windows\system32\ADVAPI32.dll
[0409/025843.095:ERROR:process_memory_win.cc(73)] ReadMemory at 0x7ff81f680000 of 64 bytes failed: Запрос ReadProcessMemory или WriteProcessMemory был выполнен только частично. (0x12B)
[0409/025843.095:WARNING:pe_image_reader.cc(340)] could not read dos header from C:\Windows\SYSTEM32\sechost.dll
[0409/025843.095:ERROR:process_memory_win.cc(73)] ReadMemory at 0x7ff820e50000 of 64 bytes failed: Запрос ReadProcessMemory или WriteProcessMemory был выполнен только частично. (0x12B)
[0409/025843.095:WARNING:pe_image_reader.cc(340)] could not read dos header from C:\Windows\system32\RPCRT4.dll
[0409/025843.096:ERROR:process_memory_win.cc(73)] ReadMemory at 0x7ff81ed40000 of 64 bytes failed: Запрос ReadProcessMemory или WriteProcessMemory был выполнен только частично. (0x12B)
[0409/025843.096:WARNING:pe_image_reader.cc(340)] could not read dos header from C:\Windows\system32\SspiCli.dll
[0409/025843.096:ERROR:process_memory_win.cc(73)] ReadMemory at 0x7ffff1e90000 of 64 bytes failed: Запрос ReadProcessMemory или WriteProcessMemory был выполнен только частично. (0x12B)
[0409/025843.096:WARNING:pe_image_reader.cc(340)] could not read dos header from C:\Program Files (x86)\Google\Chrome\Application\80.0.3987.163\chrome.dll
[0409/025843.096:ERROR:process_memory_win.cc(73)] ReadMemory at 0x7ff81f860000 of 64 bytes failed: Запрос ReadProcessMemory или WriteProcessMemory был выполнен только частично. (0x12B)
[0409/025843.096:WARNING:pe_image_reader.cc(340)] could not read dos header from C:\Windows\system32\WS2_32.dll
[0409/025843.096:ERROR:process_memory_win.cc(73)] ReadMemory at 0x7ff8199a0000 of 64 bytes failed: Запрос ReadProcessMemory или WriteProcessMemory был выполнен только частично. (0x12B)
[0409/025843.096:WARNING:pe_image_reader.cc(340)] could not read dos header from C:\Windows\SYSTEM32\IPHLPAPI.DLL
[0409/025843.096:ERROR:process_memory_win.cc(73)] ReadMemory at 0x7ff81f790000 of 64 bytes failed: Запрос ReadProcessMemory или WriteProcessMemory был выполнен только частично. (0x12B)
[0409/025843.096:WARNING:pe_image_reader.cc(340)] could not read dos header from C:\Windows\system32\OLEAUT32.dll
[0409/025843.096:ERROR:process_memory_win.cc(73)] ReadMemory at 0x7ff817fa0000 of 64 bytes failed: Запрос ReadProcessMemory или WriteProcessMemory был выполнен только частично. (0x12B)
[0409/025843.096:WARNING:pe_image_reader.cc(340)] could not read dos header from C:\Windows\SYSTEM32\WINMM.dll
[0409/025843.096:ERROR:process_memory_win.cc(73)] ReadMemory at 0x7ff810090000 of 64 bytes failed: Запрос ReadProcessMemory или WriteProcessMemory был выполнен только частично. (0x12B)
[0409/025843.096:WARNING:pe_image_reader.cc(340)] could not read dos header from C:\Windows\SYSTEM32\Secur32.dll
[0409/025843.096:ERROR:process_memory_win.cc(73)] ReadMemory at 0x7ff81df40000 of 64 bytes failed: Запрос ReadProcessMemory или WriteProcessMemory был выполнен только частично. (0x12B)
[0409/025843.096:WARNING:pe_image_reader.cc(340)] could not read dos header from C:\Windows\SYSTEM32\USERENV.dll
[0409/025843.096:ERROR:process_memory_win.cc(73)] ReadMemory at 0x7ff81ec30000 of 64 bytes failed: Запрос ReadProcessMemory или WriteProcessMemory был выполнен только частично. (0x12B)
[0409/025843.096:WARNING:pe_image_reader.cc(340)] could not read dos header from C:\Windows\system32\WINTRUST.dll
[0409/025843.096:ERROR:process_memory_win.cc(73)] ReadMemory at 0x7ff80c520000 of 64 bytes failed: Запрос ReadProcessMemory или WriteProcessMemory был выполнен только частично. (0x12B)
[0409/025843.096:WARNING:pe_image_reader.cc(340)] could not read dos header from C:\Windows\SYSTEM32\UIAutomationCore.DLL
[0409/025843.096:ERROR:process_memory_win.cc(73)] ReadMemory at 0x7ff81ea50000 of 64 bytes failed: Запрос ReadProcessMemory или WriteProcessMemory был выполнен только частично. (0x12B)
[0409/025843.096:WARNING:pe_image_reader.cc(340)] could not read dos header from C:\Windows\system32\CRYPT32.dll
[0409/025843.096:ERROR:process_memory_win.cc(73)] ReadMemory at 0x7ff81b8d0000 of 64 bytes failed: Запрос ReadProcessMemory или WriteProcessMemory был выполнен только частично. (0x12B)
[0409/025843.096:WARNING:pe_image_reader.cc(340)] could not read dos header from C:\Windows\SYSTEM32\DWrite.dll
[0409/025843.096:ERROR:process_memory_win.cc(73)] ReadMemory at 0x7ff817e50000 of 64 bytes failed: Запрос ReadProcessMemory или WriteProcessMemory был выполнен только частично. (0x12B)
[0409/025843.096:WARNING:pe_image_reader.cc(340)] could not read dos header from C:\Windows\SYSTEM32\WINSPOOL.DRV
[0409/025843.096:ERROR:process_memory_win.cc(73)] ReadMemory at 0x7ff800440000 of 64 bytes failed: Запрос ReadProcessMemory или WriteProcessMemory был выполнен только частично. (0x12B)
[0409/025843.096:WARNING:pe_image_reader.cc(340)] could not read dos header from C:\Windows\SYSTEM32\dbghelp.dll
[0409/025843.096:ERROR:process_memory_win.cc(73)] ReadMemory at 0x7ff8157a0000 of 64 bytes failed: Запрос ReadProcessMemory или WriteProcessMemory был выполнен только частично. (0x12B)
[0409/025843.096:WARNING:pe_image_reader.cc(340)] could not read dos header from C:\Windows\SYSTEM32\WINHTTP.dll
[0409/025843.096:ERROR:process_memory_win.cc(73)] ReadMemory at 0x7ff819750000 of 64 bytes failed: Запрос ReadProcessMemory или WriteProcessMemory был выполнен только частично. (0x12B)
[0409/025843.096:WARNING:pe_image_reader.cc(340)] could not read dos header from C:\Windows\SYSTEM32\dhcpcsvc.DLL
[0409/025843.096:ERROR:process_memory_win.cc(73)] ReadMemory at 0x7ff81f490000 of 64 bytes failed: Запрос ReadProcessMemory или WriteProcessMemory был выполнен только частично. (0x12B)
[0409/025843.096:WARNING:pe_image_reader.cc(340)] could not read dos header from C:\Windows\system32\NSI.dll
[0409/025843.096:ERROR:process_memory_win.cc(73)] ReadMemory at 0x7ff819970000 of 64 bytes failed: Запрос ReadProcessMemory или WriteProcessMemory был выполнен только частично. (0x12B)
[0409/025843.096:WARNING:pe_image_reader.cc(340)] could not read dos header from C:\Windows\SYSTEM32\WINNSI.DLL
[0409/025843.096:ERROR:process_memory_win.cc(73)] ReadMemory at 0x7ff8213e0000 of 64 bytes failed: Запрос ReadProcessMemory или WriteProcessMemory был выполнен только частично. (0x12B)
[0409/025843.096:WARNING:pe_image_reader.cc(340)] could not read dos header from C:\Windows\system32\combase.dll
[0409/025843.096:ERROR:process_memory_win.cc(73)] ReadMemory at 0x7ff817e20000 of 64 bytes failed: Запрос ReadProcessMemory или WriteProcessMemory был выполнен только частично. (0x12B)
[0409/025843.096:WARNING:pe_image_reader.cc(340)] could not read dos header from C:\Windows\SYSTEM32\WINMMBASE.dll
[0409/025843.096:ERROR:process_memory_win.cc(73)] ReadMemory at 0x7ff81ef10000 of 64 bytes failed: Запрос ReadProcessMemory или WriteProcessMemory был выполнен только частично. (0x12B)
[0409/025843.096:WARNING:pe_image_reader.cc(340)] could not read dos header from C:\Windows\system32\USER32.dll
[0409/025843.096:ERROR:process_memory_win.cc(73)] ReadMemory at 0x7ff81e980000 of 64 bytes failed: Запрос ReadProcessMemory или WriteProcessMemory был выполнен только частично. (0x12B)
[0409/025843.096:WARNING:pe_image_reader.cc(340)] could not read dos header from C:\Windows\SYSTEM32\profapi.dll
[0409/025843.096:ERROR:process_memory_win.cc(73)] ReadMemory at 0x7ff81ea30000 of 64 bytes failed: Запрос ReadProcessMemory или WriteProcessMemory был выполнен только частично. (0x12B)
[0409/025843.096:WARNING:pe_image_reader.cc(340)] could not read dos header from C:\Windows\system32\MSASN1.dll
[0409/025843.096:ERROR:process_memory_win.cc(73)] ReadMemory at 0x7ff81ee90000 of 64 bytes failed: Запрос ReadProcessMemory или WriteProcessMemory был выполнен только частично. (0x12B)
[0409/025843.096:WARNING:pe_image_reader.cc(340)] could not read dos header from C:\Windows\SYSTEM32\cfgmgr32.dll
[0409/025843.096:ERROR:process_memory_win.cc(73)] ReadMemory at 0x7ff81d7a0000 of 64 bytes failed: Запрос ReadProcessMemory или WriteProcessMemory был выполнен только частично. (0x12B)
[0409/025843.096:WARNING:pe_image_reader.cc(340)] could not read dos header from C:\Windows\SYSTEM32\DEVOBJ.dll
[0409/025843.096:ERROR:process_memory_win.cc(73)] ReadMemory at 0x7ff81f280000 of 64 bytes failed: Запрос ReadProcessMemory или WriteProcessMemory был выполнен только частично. (0x12B)
[0409/025843.096:WARNING:pe_image_reader.cc(340)] could not read dos header from C:\Windows\system32\GDI32.dll
[0409/025843.096:ERROR:process_memory_win.cc(73)] ReadMemory at 0x46c1a70000 of 64 bytes failed: Запрос ReadProcessMemory или WriteProcessMemory был выполнен только частично. (0x12B)
[0409/025843.096:WARNING:pe_image_reader.cc(340)] could not read dos header from C:\Windows\system32\IMM32.DLL
[0409/025843.096:ERROR:process_memory_win.cc(73)] ReadMemory at 0x7ff8210c0000 of 64 bytes failed: Запрос ReadProcessMemory или WriteProcessMemory был выполнен только частично. (0x12B)
[0409/025843.096:WARNING:pe_image_reader.cc(340)] could not read dos header from C:\Windows\system32\MSCTF.dll
[0409/025843.096:ERROR:process_memory_win.cc(73)] ReadMemory at 0x7ff81e8c0000 of 64 bytes failed: Запрос ReadProcessMemory или WriteProcessMemory был выполнен только частично. (0x12B)
[0409/025843.096:WARNING:pe_image_reader.cc(340)] could not read dos header from C:\Windows\SYSTEM32\CRYPTBASE.DLL
[0409/025843.096:ERROR:process_memory_win.cc(73)] ReadMemory at 0x7ff81e850000 of 64 bytes failed: Запрос ReadProcessMemory или WriteProcessMemory был выполнен только частично. (0x12B)
[0409/025843.096:WARNING:pe_image_reader.cc(340)] could not read dos header from C:\Windows\SYSTEM32\bcryptPrimitives.dll
[0409/025843.103:ERROR:process_memory_win.cc(73)] ReadMemory at 0x46c17d7000 of 1019904 bytes failed: Запрос ReadProcessMemory или WriteProcessMemory был выполнен только частично. (0x12B)
[0409/025843.134:ERROR:process_memory_win.cc(73)] ReadMemory at 0x46c44bd000 of 12288 bytes failed: Запрос ReadProcessMemory или WriteProcessMemory был выполнен только частично. (0x12B)
[0409/025843.134:ERROR:process_memory_win.cc(73)] ReadMemory at 0x46c54bc000 of 16384 bytes failed: Запрос ReadProcessMemory или WriteProcessMemory был выполнен только частично. (0x12B)
[0409/025843.134:ERROR:process_memory_win.cc(73)] ReadMemory at 0x46c5cbc000 of 16384 bytes failed: Запрос ReadProcessMemory или WriteProcessMemory был выполнен только частично. (0x12B)
[0409/025843.134:ERROR:process_memory_win.cc(73)] ReadMemory at 0x46c64bf000 of 4096 bytes failed: Запрос ReadProcessMemory или WriteProcessMemory был выполнен только частично. (0x12B)
[0409/025843.134:ERROR:process_memory_win.cc(73)] ReadMemory at 0x46c6cbd000 of 12288 bytes failed: Запрос ReadProcessMemory или WriteProcessMemory был выполнен только частично. (0x12B)
[0409/025843.134:ERROR:process_memory_win.cc(73)] ReadMemory at 0x46c76bb000 of 20480 bytes failed: Запрос ReadProcessMemory или WriteProcessMemory был выполнен только частично. (0x12B)
[0409/025843.134:ERROR:process_memory_win.cc(73)] ReadMemory at 0x46c86bd000 of 12288 bytes failed: Запрос ReadProcessMemory или WriteProcessMemory был выполнен только частично. (0x12B)
[0409/025843.134:ERROR:process_memory_win.cc(73)] ReadMemory at 0x46c8eb4000 of 49152 bytes failed: Запрос ReadProcessMemory или WriteProcessMemory был выполнен только частично. (0x12B)
[0409/025843.134:ERROR:process_memory_win.cc(73)] ReadMemory at 0x46c96b4000 of 49152 bytes failed: Запрос ReadProcessMemory или WriteProcessMemory был выполнен только частично. (0x12B)
[0409/025843.134:ERROR:process_memory_win.cc(73)] ReadMemory at 0x46c9ebc000 of 16384 bytes failed: Запрос ReadProcessMemory или WriteProcessMemory был выполнен только частично. (0x12B)
[0409/025843.134:ERROR:process_memory_win.cc(73)] ReadMemory at 0x46c4cbd000 of 12288 bytes failed: Запрос ReadProcessMemory или WriteProcessMemory был выполнен только частично. (0x12B)
[0409/025843.134:ERROR:process_memory_win.cc(73)] ReadMemory at 0x46cf8a6000 of 40960 bytes failed: Запрос ReadProcessMemory или WriteProcessMemory был выполнен только частично. (0x12B)
[0409/025843.134:ERROR:process_memory_win.cc(73)] ReadMemory at 0x46ce8a6000 of 40960 bytes failed: Запрос ReadProcessMemory или WriteProcessMemory был выполнен только частично. (0x12B)
[0409/025843.134:ERROR:process_memory_win.cc(73)] ReadMemory at 0x46cf0ac000 of 16384 bytes failed: Запрос ReadProcessMemory или WriteProcessMemory был выполнен только частично. (0x12B)
[0409/025843.134:ERROR:process_memory_win.cc(73)] ReadMemory at 0x46d6dce000 of 8192 bytes failed: Запрос ReadProcessMemory или WriteProcessMemory был выполнен только частично. (0x12B)
[0409/025843.135:ERROR:process_memory_win.cc(73)] ReadMemory at 0x46c1ad0780 of 146 bytes failed: Запрос ReadProcessMemory или WriteProcessMemory был выполнен только частично. (0x12B)
[0409/025843.135:ERROR:process_memory_win.cc(73)] ReadMemory at 0x46c1ad0860 of 14310 bytes failed: Запрос ReadProcessMemory или WriteProcessMemory был выполнен только частично. (0x12B)
[0409/025843.194:ERROR:process_memory_win.cc(73)] ReadMemory at 0x46c1ad4050 of 1012 bytes failed: Запрос ReadProcessMemory или WriteProcessMemory был выполнен только частично. (0x12B)
[0409/025843.194:ERROR:process_memory_win.cc(73)] ReadMemory at 0x46c1ad4668 of 118 bytes failed: Запрос ReadProcessMemory или WriteProcessMemory был выполнен только частично. (0x12B)
[0409/025843.194:ERROR:process_memory_win.cc(73)] ReadMemory at 0x46c1ad46e0 of 746 bytes failed: Запрос ReadProcessMemory или WriteProcessMemory был выполнен только частично. (0x12B)
[0409/025843.194:ERROR:process_memory_win.cc(73)] ReadMemory at 0x46c1ad49cc of 118 bytes failed: Запрос ReadProcessMemory или WriteProcessMemory был выполнен только частично. (0x12B)
[0409/025843.194:ERROR:process_memory_win.cc(73)] ReadMemory at 0x46c1ad4a44 of 96 bytes failed: Запрос ReadProcessMemory или WriteProcessMemory был выполнен только частично. (0x12B)
[0409/025843.194:ERROR:process_memory_win.cc(73)] ReadMemory at 0x46c1ad4ab0 of 58 bytes failed: Запрос ReadProcessMemory или WriteProcessMemory был выполнен только частично. (0x12B)
[0409/025843.195:ERROR:process_memory_win.cc(73)] ReadMemory at 0x46c1ad4bb0 of 132 bytes failed: Запрос ReadProcessMemory или WriteProcessMemory был выполнен только частично. (0x12B)
[0409/025843.195:ERROR:process_memory_win.cc(73)] ReadMemory at 0x46c1ad4d30 of 132 bytes failed: Запрос ReadProcessMemory или WriteProcessMemory был выполнен только частично. (0x12B)
[0409/025843.195:ERROR:process_memory_win.cc(73)] ReadMemory at 0x46c1ad4f40 of 126 bytes failed: Запрос ReadProcessMemory или WriteProcessMemory был выполнен только частично. (0x12B)
[0409/025843.236:ERROR:process_memory_win.cc(73)] ReadMemory at 0x46c1ad5230 of 64 bytes failed: Запрос ReadProcessMemory или WriteProcessMemory был выполнен только частично. (0x12B)
[0409/025843.236:ERROR:process_memory_win.cc(73)] ReadMemory at 0x46c1ad5280 of 132 bytes failed: Запрос ReadProcessMemory или WriteProcessMemory был выполнен только частично. (0x12B)
[0409/025843.236:ERROR:process_memory_win.cc(73)] ReadMemory at 0x46c1ad5540 of 154 bytes failed: Запрос ReadProcessMemory или WriteProcessMemory был выполнен только частично. (0x12B)
[0409/025843.236:ERROR:process_memory_win.cc(73)] ReadMemory at 0x46c1ad55f0 of 68 bytes failed: Запрос ReadProcessMemory или WriteProcessMemory был выполнен только частично. (0x12B)
[0409/025843.236:ERROR:process_memory_win.cc(73)] ReadMemory at 0x46c1ad5640 of 132 bytes failed: Запрос ReadProcessMemory или WriteProcessMemory был выполнен только частично. (0x12B)
[0409/025843.237:ERROR:process_memory_win.cc(73)] ReadMemory at 0x46c1ad6390 of 132 bytes failed: Запрос ReadProcessMemory или WriteProcessMemory был выполнен только частично. (0x12B)
[0409/025843.237:ERROR:process_memory_win.cc(73)] ReadMemory at 0x46c1ad6510 of 132 bytes failed: Запрос ReadProcessMemory или WriteProcessMemory был выполнен только частично. (0x12B)
[0409/025843.237:ERROR:process_memory_win.cc(73)] ReadMemory at 0x46c1ad6740 of 60 bytes failed: Запрос ReadProcessMemory или WriteProcessMemory был выполнен только частично. (0x12B)
[0409/025843.237:ERROR:process_memory_win.cc(73)] ReadMemory at 0x46c1ad6e10 of 54 bytes failed: Запрос ReadProcessMemory или WriteProcessMemory был выполнен только частично. (0x12B)
[0409/025843.237:ERROR:process_memory_win.cc(73)] ReadMemory at 0x46c1ad6e80 of 62 bytes failed: Запрос ReadProcessMemory или WriteProcessMemory был выполнен только частично. (0x12B)
[0409/025843.237:ERROR:process_memory_win.cc(73)] ReadMemory at 0x46c1ad7600 of 132 bytes failed: Запрос ReadProcessMemory или WriteProcessMemory был выполнен только частично. (0x12B)
[0409/025843.237:ERROR:process_memory_win.cc(73)] ReadMemory at 0x46c1ad8950 of 132 bytes failed: Запрос ReadProcessMemory или WriteProcessMemory был выполнен только частично. (0x12B)
[0409/025843.237:ERROR:process_memory_win.cc(73)] ReadMemory at 0x46c1ad8a70 of 132 bytes failed: Запрос ReadProcessMemory или WriteProcessMemory был выполнен только частично. (0x12B)
[0409/025843.237:ERROR:process_memory_win.cc(73)] ReadMemory at 0x46c1ad8b90 of 132 bytes failed: Запрос ReadProcessMemory или WriteProcessMemory был выполнен только частично. (0x12B)
[0409/025843.237:ERROR:process_memory_win.cc(73)] ReadMemory at 0x46c1ad8dd0 of 132 bytes failed: Запрос ReadProcessMemory или WriteProcessMemory был выполнен только частично. (0x12B)
[0409/025843.237:ERROR:process_memory_win.cc(73)] ReadMemory at 0x46c1ad8ef0 of 132 bytes failed: Запрос ReadProcessMemory или WriteProcessMemory был выполнен только частично. (0x12B)
[0409/025843.237:ERROR:process_memory_win.cc(73)] ReadMemory at 0x46c1adbc00 of 80 bytes failed: Запрос ReadProcessMemory или WriteProcessMemory был выполнен только частично. (0x12B)
[0409/025843.237:ERROR:process_memory_win.cc(73)] ReadMemory at 0x46c1adc460 of 64 bytes failed: Запрос ReadProcessMemory или WriteProcessMemory был выполнен только частично. (0x12B)
[0409/025843.237:ERROR:process_memory_win.cc(73)] ReadMemory at 0x46c1adc500 of 62 bytes failed: Запрос ReadProcessMemory или WriteProcessMemory был выполнен только частично. (0x12B)
[0409/025843.237:ERROR:process_memory_win.cc(73)] ReadMemory at 0x46c1adc550 of 62 bytes failed: Запрос ReadProcessMemory или WriteProcessMemory был выполнен только частично. (0x12B)
[0409/025843.237:ERROR:process_memory_win.cc(73)] ReadMemory at 0x46c1adc5a0 of 62 bytes failed: Запрос ReadProcessMemory или WriteProcessMemory был выполнен только частично. (0x12B)
[0409/025843.237:ERROR:process_memory_win.cc(73)] ReadMemory at 0x46c1adc5f0 of 62 bytes failed: Запрос ReadProcessMemory или WriteProcessMemory был выполнен только частично. (0x12B)
[0409/025843.237:ERROR:process_memory_win.cc(73)] ReadMemory at 0x46c1adc640 of 64 bytes failed: Запрос ReadProcessMemory или WriteProcessMemory был выполнен только частично. (0x12B)
[0409/025843.237:ERROR:process_memory_win.cc(73)] ReadMemory at 0x46c1adc690 of 62 bytes failed: Запрос ReadProcessMemory или WriteProcessMemory был выполнен только частично. (0x12B)
[0409/025843.282:ERROR:process_memory_win.cc(73)] ReadMemory at 0x46c1adc6e0 of 66 bytes failed: Запрос ReadProcessMemory или WriteProcessMemory был выполнен только частично. (0x12B)
[0409/025843.282:ERROR:process_memory_win.cc(73)] ReadMemory at 0x46c1adc730 of 60 bytes failed: Запрос ReadProcessMemory или WriteProcessMemory был выполнен только частично. (0x12B)
[0409/025843.282:ERROR:process_memory_win.cc(73)] ReadMemory at 0x46c1adc780 of 62 bytes failed: Запрос ReadProcessMemory или WriteProcessMemory был выполнен только частично. (0x12B)
[0409/025843.282:ERROR:process_memory_win.cc(73)] ReadMemory at 0x46c1adc7d0 of 60 bytes failed: Запрос ReadProcessMemory или WriteProcessMemory был выполнен только частично. (0x12B)
[0409/025843.282:ERROR:process_memory_win.cc(73)] ReadMemory at 0x46c1adc820 of 60 bytes failed: Запрос ReadProcessMemory или WriteProcessMemory был выполнен только частично. (0x12B)
[0409/025843.282:ERROR:process_memory_win.cc(73)] ReadMemory at 0x46c1adc870 of 60 bytes failed: Запрос ReadProcessMemory или WriteProcessMemory был выполнен только частично. (0x12B)
[0409/025843.282:ERROR:process_memory_win.cc(73)] ReadMemory at 0x46c1adc8c0 of 60 bytes failed: Запрос ReadProcessMemory или WriteProcessMemory был выполнен только частично. (0x12B)
[0409/025843.282:ERROR:process_memory_win.cc(73)] ReadMemory at 0x46c1adc910 of 62 bytes failed: Запрос ReadProcessMemory или WriteProcessMemory был выполнен только частично. (0x12B)
[0409/025843.282:ERROR:process_memory_win.cc(73)] ReadMemory at 0x46c1adc960 of 64 bytes failed: Запрос ReadProcessMemory или WriteProcessMemory был выполнен только частично. (0x12B)
[0409/025843.282:ERROR:process_memory_win.cc(73)] ReadMemory at 0x46c1adc9b0 of 64 bytes failed: Запрос ReadProcessMemory или WriteProcessMemory был выполнен только частично. (0x12B)
[0409/025843.282:ERROR:process_memory_win.cc(73)] ReadMemory at 0x46c1adca00 of 58 bytes failed: Запрос ReadProcessMemory или WriteProcessMemory был выполнен только частично. (0x12B)
[0409/025843.282:ERROR:process_memory_win.cc(73)] ReadMemory at 0x46c1adca50 of 60 bytes failed: Запрос ReadProcessMemory или WriteProcessMemory был выполнен только частично. (0x12B)
[0409/025843.282:ERROR:process_memory_win.cc(73)] ReadMemory at 0x46c1adcaa0 of 64 bytes failed: Запрос ReadProcessMemory или WriteProcessMemory был выполнен только частично. (0x12B)
[0409/025843.282:ERROR:process_memory_win.cc(73)] ReadMemory at 0x46c1adcaf0 of 62 bytes failed: Запрос ReadProcessMemory или WriteProcessMemory был выполнен только частично. (0x12B)
[0409/025843.282:ERROR:process_memory_win.cc(73)] ReadMemory at 0x46c1adcb40 of 62 bytes failed: Запрос ReadProcessMemory или WriteProcessMemory был выполнен только частично. (0x12B)
[0409/025843.282:ERROR:process_memory_win.cc(73)] ReadMemory at 0x46c1adcb90 of 64 bytes failed: Запрос ReadProcessMemory или WriteProcessMemory был выполнен только частично. (0x12B)
[0409/025843.282:ERROR:process_memory_win.cc(73)] ReadMemory at 0x46c1adcc20 of 132 bytes failed: Запрос ReadProcessMemory или WriteProcessMemory был выполнен только частично. (0x12B)
[0409/025843.282:ERROR:process_memory_win.cc(73)] ReadMemory at 0x46c1add6c0 of 132 bytes failed: Запрос ReadProcessMemory или WriteProcessMemory был выполнен только частично. (0x12B)
[0409/025843.282:ERROR:process_memory_win.cc(73)] ReadMemory at 0x46c1add8f0 of 132 bytes failed: Запрос ReadProcessMemory или WriteProcessMemory был выполнен только частично. (0x12B)
[0409/025843.282:ERROR:process_memory_win.cc(73)] ReadMemory at 0x46c1adfcf0 of 132 bytes failed: Запрос ReadProcessMemory или WriteProcessMemory был выполнен только частично. (0x12B)
[0409/025843.282:ERROR:process_memory_win.cc(73)] ReadMemory at 0x46c1adfe10 of 132 bytes failed: Запрос ReadProcessMemory или WriteProcessMemory был выполнен только частично. (0x12B)
[0409/025843.282:ERROR:process_memory_win.cc(73)] ReadMemory at 0x46c1ae0390 of 132 bytes failed: Запрос ReadProcessMemory или WriteProcessMemory был выполнен только частично. (0x12B)
[0409/025843.282:ERROR:process_memory_win.cc(73)] ReadMemory at 0x46c1ae04b0 of 132 bytes failed: Запрос ReadProcessMemory или WriteProcessMemory был выполнен только частично. (0x12B)
[0409/025843.282:ERROR:process_memory_win.cc(73)] ReadMemory at 0x46c1ae05d0 of 132 bytes failed: Запрос ReadProcessMemory или WriteProcessMemory был выполнен только частично. (0x12B)
[0409/025843.282:ERROR:process_memory_win.cc(73)] ReadMemory at 0x46c1ae06f0 of 132 bytes failed: Запрос ReadProcessMemory или WriteProcessMemory был выполнен только частично. (0x12B)
[0409/025843.282:ERROR:process_memory_win.cc(73)] ReadMemory at 0x46c1ae0810 of 132 bytes failed: Запрос ReadProcessMemory или WriteProcessMemory был выполнен только частично. (0x12B)
[0409/025843.282:ERROR:process_memory_win.cc(73)] ReadMemory at 0x46c1ae0930 of 132 bytes failed: Запрос ReadProcessMemory или WriteProcessMemory был выполнен только частично. (0x12B)
[0409/025843.282:ERROR:process_memory_win.cc(73)] ReadMemory at 0x46c1ae0a50 of 132 bytes failed: Запрос ReadProcessMemory или WriteProcessMemory был выполнен только частично. (0x12B)
[0409/025843.282:ERROR:process_memory_win.cc(73)] ReadMemory at 0x46c1ae0b70 of 132 bytes failed: Запрос ReadProcessMemory или WriteProcessMemory был выполнен только частично. (0x12B)
[0409/025843.282:ERROR:process_memory_win.cc(73)] ReadMemory at 0x46c1ae0c90 of 132 bytes failed: Запрос ReadProcessMemory или WriteProcessMemory был выполнен только частично. (0x12B)
[0409/025843.282:ERROR:process_memory_win.cc(73)] ReadMemory at 0x46c1ae0db0 of 132 bytes failed: Запрос ReadProcessMemory или WriteProcessMemory был выполнен только частично. (0x12B)
[0409/025843.282:ERROR:process_memory_win.cc(73)] ReadMemory at 0x46c1ae0ed0 of 132 bytes failed: Запрос ReadProcessMemory или WriteProcessMemory был выполнен только частично. (0x12B)
[0409/025843.282:ERROR:process_memory_win.cc(73)] ReadMemory at 0x46c1ae0ff0 of 132 bytes failed: Запрос ReadProcessMemory или WriteProcessMemory был выполнен только частично. (0x12B)
[0409/025843.328:ERROR:process_memory_win.cc(73)] ReadMemory at 0x46c1ae1110 of 132 bytes failed: Запрос ReadProcessMemory или WriteProcessMemory был выполнен только частично. (0x12B)
[0409/025843.328:ERROR:process_memory_win.cc(73)] ReadMemory at 0x46c1ae18e0 of 80 bytes failed: Запрос ReadProcessMemory или WriteProcessMemory был выполнен только частично. (0x12B)
[0409/025843.328:ERROR:process_memory_win.cc(73)] ReadMemory at 0x46c1ae33c0 of 132 bytes failed: Запрос ReadProcessMemory или WriteProcessMemory был выполнен только частично. (0x12B)
[0409/025843.328:ERROR:process_memory_win.cc(73)] ReadMemory at 0x46c1ae34e0 of 132 bytes failed: Запрос ReadProcessMemory или WriteProcessMemory был выполнен только частично. (0x12B)
[0409/025843.328:ERROR:process_memory_win.cc(73)] ReadMemory at 0x46c1ae3600 of 132 bytes failed: Запрос ReadProcessMemory или WriteProcessMemory был выполнен только частично. (0x12B)
[0409/025843.328:ERROR:process_memory_win.cc(73)] ReadMemory at 0x46c1ae3cc0 of 132 bytes failed: Запрос ReadProcessMemory или WriteProcessMemory был выполнен только частично. (0x12B)
[0409/025843.328:ERROR:process_memory_win.cc(73)] ReadMemory at 0x46c1ae4380 of 132 bytes failed: Запрос ReadProcessMemory или WriteProcessMemory был выполнен только частично. (0x12B)
[0409/025843.328:ERROR:process_memory_win.cc(73)] ReadMemory at 0x46c1ae4920 of 132 bytes failed: Запрос ReadProcessMemory или WriteProcessMemory был выполнен только частично. (0x12B)
[0409/025843.328:ERROR:process_memory_win.cc(73)] ReadMemory at 0x46c1ae4a40 of 132 bytes failed: Запрос ReadProcessMemory или WriteProcessMemory был выполнен только частично. (0x12B)
[0409/025843.328:ERROR:process_memory_win.cc(73)] ReadMemory at 0x46c1ae4c80 of 132 bytes failed: Запрос ReadProcessMemory или WriteProcessMemory был выполнен только частично. (0x12B)
[0409/025843.328:ERROR:process_memory_win.cc(73)] ReadMemory at 0x46c1ae5100 of 132 bytes failed: Запрос ReadProcessMemory или WriteProcessMemory был выполнен только частично. (0x12B)
[0409/025843.328:ERROR:process_memory_win.cc(73)] ReadMemory at 0x46c1ae5220 of 132 bytes failed: Запрос ReadProcessMemory или WriteProcessMemory был выполнен только частично. (0x12B)
[0409/025843.328:ERROR:process_memory_win.cc(73)] ReadMemory at 0x46c1ae62f0 of 58 bytes failed: Запрос ReadProcessMemory или WriteProcessMemory был выполнен только частично. (0x12B)
[0409/025843.328:ERROR:process_memory_win.cc(73)] ReadMemory at 0x46c1ae67f0 of 60 bytes failed: Запрос ReadProcessMemory или WriteProcessMemory был выполнен только частично. (0x12B)
[0409/025843.328:ERROR:process_memory_win.cc(73)] ReadMemory at 0x46c1ae6980 of 58 bytes failed: Запрос ReadProcessMemory или WriteProcessMemory был выполнен только частично. (0x12B)
[0409/025843.328:ERROR:process_memory_win.cc(73)] ReadMemory at 0x46c1ae6ca0 of 64 bytes failed: Запрос ReadProcessMemory или WriteProcessMemory был выполнен только частично. (0x12B)
[0409/025843.328:ERROR:process_memory_win.cc(73)] ReadMemory at 0x46c1ae6d90 of 66 bytes failed: Запрос ReadProcessMemory или WriteProcessMemory был выполнен только частично. (0x12B)
[0409/025843.328:ERROR:process_memory_win.cc(73)] ReadMemory at 0x46c1ae6f70 of 58 bytes failed: Запрос ReadProcessMemory или WriteProcessMemory был выполнен только частично. (0x12B)
[0409/025843.328:ERROR:process_memory_win.cc(73)] ReadMemory at 0x46c1aebea0 of 896 bytes failed: Запрос ReadProcessMemory или WriteProcessMemory был выполнен только частично. (0x12B)
[0409/025843.380:ERROR:process_memory_win.cc(73)] ReadMemory at 0x46c1aec670 of 512 bytes failed: Запрос ReadProcessMemory или WriteProcessMemory был выполнен только частично. (0x12B)
[0409/025843.380:ERROR:process_memory_win.cc(73)] ReadMemory at 0x46c1f06c10 of 512 bytes failed: Запрос ReadProcessMemory или WriteProcessMemory был выполнен только частично. (0x12B)
[0409/025843.380:ERROR:process_memory_win.cc(73)] ReadMemory at 0x46c1f14ee0 of 512 bytes failed: Запрос ReadProcessMemory или WriteProcessMemory был выполнен только частично. (0x12B)
[0409/025843.380:ERROR:process_memory_win.cc(73)] ReadMemory at 0x46c1f28a00 of 512 bytes failed: Запрос ReadProcessMemory или WriteProcessMemory был выполнен только частично. (0x12B)
[0409/025843.380:ERROR:process_memory_win.cc(73)] ReadMemory at 0x46c1f2cfa0 of 712 bytes failed: Запрос ReadProcessMemory или WriteProcessMemory был выполнен только частично. (0x12B)
[0409/025843.380:ERROR:process_memory_win.cc(73)] ReadMemory at 0x46c1f46e50 of 512 bytes failed: Запрос ReadProcessMemory или WriteProcessMemory был выполнен только частично. (0x12B)
[0409/025843.404:ERROR:process_memory_win.cc(73)] ReadMemory at 0x46c6cc9600 of 512 bytes failed: Запрос ReadProcessMemory или WriteProcessMemory был выполнен только частично. (0x12B)
[0409/025843.404:ERROR:process_memory_win.cc(73)] ReadMemory at 0x46c6cf5870 of 512 bytes failed: Запрос ReadProcessMemory или WriteProcessMemory был выполнен только частично. (0x12B)
[0409/025843.404:ERROR:process_memory_win.cc(73)] ReadMemory at 0x46c6d31518 of 512 bytes failed: Запрос ReadProcessMemory или WriteProcessMemory был выполнен только частично. (0x12B)
[0409/025843.404:ERROR:process_memory_win.cc(73)] ReadMemory at 0x46cb1972c0 of 512 bytes failed: Запрос ReadProcessMemory или WriteProcessMemory был выполнен только частично. (0x12B)
[0409/025843.404:ERROR:process_memory_win.cc(73)] ReadMemory at 0x46cb28fb29 of 512 bytes failed: Запрос ReadProcessMemory или WriteProcessMemory был выполнен только частично. (0x12B)
[0409/025843.404:ERROR:process_memory_win.cc(73)] ReadMemory at 0x46cb2fb720 of 512 bytes failed: Запрос ReadProcessMemory или WriteProcessMemory был выполнен только частично. (0x12B)
[0409/025843.404:ERROR:process_memory_win.cc(73)] ReadMemory at 0x46cb55a840 of 512 bytes failed: Запрос ReadProcessMemory или WriteProcessMemory был выполнен только частично. (0x12B)
[0409/025843.404:ERROR:process_memory_win.cc(73)] ReadMemory at 0x46cb660130 of 512 bytes failed: Запрос ReadProcessMemory или WriteProcessMemory был выполнен только частично. (0x12B)
[0409/025843.404:ERROR:process_memory_win.cc(73)] ReadMemory at 0x2b6309d86ee1 of 512 bytes failed: Запрос ReadProcessMemory или WriteProcessMemory был выполнен только частично. (0x12B)
[0409/025843.433:ERROR:process_memory_win.cc(73)] ReadMemory at 0x6be0f5c531b0 of 512 bytes failed: Запрос ReadProcessMemory или WriteProcessMemory был выполнен только частично. (0x12B)
[0409/025843.433:ERROR:process_memory_win.cc(73)] ReadMemory at 0x6be0f5d1d420 of 512 bytes failed: Запрос ReadProcessMemory или WriteProcessMemory был выполнен только частично. (0x12B)
[0409/025843.433:ERROR:process_memory_win.cc(73)] ReadMemory at 0x6be0f5fc0620 of 512 bytes failed: Запрос ReadProcessMemory или WriteProcessMemory был выполнен только частично. (0x12B)
[0409/025843.433:ERROR:process_memory_win.cc(73)] ReadMemory at 0x6be0f61f6b1c of 512 bytes failed: Запрос ReadProcessMemory или WriteProcessMemory был выполнен только частично. (0x12B)
[0409/025843.447:ERROR:process_memory_win.cc(73)] ReadMemory at 0x6be0f6bf40f0 of 512 bytes failed: Запрос ReadProcessMemory или WriteProcessMemory был выполнен только частично. (0x12B)
[0409/025843.447:ERROR:process_memory_win.cc(73)] ReadMemory at 0x7ff6b44ac000 of 6024 bytes failed: Запрос ReadProcessMemory или WriteProcessMemory был выполнен только частично. (0x12B)
[0409/025843.497:ERROR:process_memory_win.cc(73)] ReadMemory at 0x7ff6b44ae000 of 6024 bytes failed: Запрос ReadProcessMemory или WriteProcessMemory был выполнен только частично. (0x12B)
[0409/025843.497:ERROR:process_memory_win.cc(73)] ReadMemory at 0x7ff6b44b0000 of 6024 bytes failed: Запрос ReadProcessMemory или WriteProcessMemory был выполнен только частично. (0x12B)
[0409/025843.497:ERROR:process_memory_win.cc(73)] ReadMemory at 0x7ff6b44b2000 of 6024 bytes failed: Запрос ReadProcessMemory или WriteProcessMemory был выполнен только частично. (0x12B)
[0409/025843.497:ERROR:process_memory_win.cc(73)] ReadMemory at 0x7ff6b44b4000 of 6024 bytes failed: Запрос ReadProcessMemory или WriteProcessMemory был выполнен только частично. (0x12B)
[0409/025843.497:ERROR:process_memory_win.cc(73)] ReadMemory at 0x7ff6b44b6000 of 6024 bytes failed: Запрос ReadProcessMemory или WriteProcessMemory был выполнен только частично. (0x12B)
[0409/025843.497:ERROR:process_memory_win.cc(73)] ReadMemory at 0x7ff6b44b8000 of 6024 bytes failed: Запрос ReadProcessMemory или WriteProcessMemory был выполнен только частично. (0x12B)
[0409/025843.497:ERROR:process_memory_win.cc(73)] ReadMemory at 0x7ff6b44ba000 of 6024 bytes failed: Запрос ReadProcessMemory или WriteProcessMemory был выполнен только частично. (0x12B)
[0409/025843.497:ERROR:process_memory_win.cc(73)] ReadMemory at 0x7ff6b44bc000 of 6024 bytes failed: Запрос ReadProcessMemory или WriteProcessMemory был выполнен только частично. (0x12B)
[0409/025843.497:ERROR:process_memory_win.cc(73)] ReadMemory at 0x7ff6b44be000 of 6024 bytes failed: Запрос ReadProcessMemory или WriteProcessMemory был выполнен только частично. (0x12B)
[0409/025843.497:ERROR:process_memory_win.cc(73)] ReadMemory at 0x7ff6b45e3000 of 6024 bytes failed: Запрос ReadProcessMemory или WriteProcessMemory был выполнен только частично. (0x12B)
[0409/025843.497:ERROR:process_memory_win.cc(73)] ReadMemory at 0x7ff6b45e5000 of 6024 bytes failed: Запрос ReadProcessMemory или WriteProcessMemory был выполнен только частично. (0x12B)
[0409/025843.497:ERROR:process_memory_win.cc(73)] ReadMemory at 0x7ff6b45e7000 of 6024 bytes failed: Запрос ReadProcessMemory или WriteProcessMemory был выполнен только частично. (0x12B)
[0409/025843.497:ERROR:process_memory_win.cc(73)] ReadMemory at 0x7ff6b45e9000 of 6024 bytes failed: Запрос ReadProcessMemory или WriteProcessMemory был выполнен только частично. (0x12B)
[0409/025843.497:ERROR:process_memory_win.cc(73)] ReadMemory at 0x7ff6b45eb000 of 852 bytes failed: Запрос ReadProcessMemory или WriteProcessMemory был выполнен только частично. (0x12B)
[0409/025843.497:ERROR:process_memory_win.cc(73)] ReadMemory at 0x7ff6b45ec000 of 6024 bytes failed: Запрос ReadProcessMemory или WriteProcessMemory был выполнен только частично. (0x12B)
[0409/025843.497:ERROR:process_memory_win.cc(73)] ReadMemory at 0x7ff6b45ee000 of 6024 bytes failed: Запрос ReadProcessMemory или WriteProcessMemory был выполнен только частично. (0x12B)
[0409/025843.497:ERROR:process_memory_win.cc(73)] ReadMemory at 0x7ff80e307a8d of 512 bytes failed: Запрос ReadProcessMemory или WriteProcessMemory был выполнен только частично. (0x12B)
[0409/025843.600:ERROR:process_memory_win.cc(73)] ReadMemory at 0x7ff80e308285 of 512 bytes failed: Запрос ReadProcessMemory или WriteProcessMemory был выполнен только частично. (0x12B)
[0409/025843.600:ERROR:process_memory_win.cc(73)] ReadMemory at 0x7ff821855750 of 512 bytes failed: Запрос ReadProcessMemory или WriteProcessMemory был выполнен только частично. (0x12B)
[0409/025843.600:ERROR:process_memory_win.cc(73)] ReadMemory at 0x7ff8218595e0 of 18 bytes failed: Запрос ReadProcessMemory или WriteProcessMemory был выполнен только частично. (0x12B)
[0409/025843.600:ERROR:process_memory_win.cc(73)] ReadMemory at 0x7ff82186c4f0 of 512 bytes failed: Запрос ReadProcessMemory или WriteProcessMemory был выполнен только частично. (0x12B)
[0409/025843.600:ERROR:process_memory_win.cc(73)] ReadMemory at 0x7ff82188acd0 of 512 bytes failed: Запрос ReadProcessMemory или WriteProcessMemory был выполнен только частично. (0x12B)
[0409/025843.600:ERROR:process_memory_win.cc(73)] ReadMemory at 0x7ff8218e071a of 592 bytes failed: Запрос ReadProcessMemory или WriteProcessMemory был выполнен только частично. (0x12B)
[0409/025843.600:ERROR:process_memory_win.cc(73)] ReadMemory at 0x7ff8218e219a of 560 bytes failed: Запрос ReadProcessMemory или WriteProcessMemory был выполнен только частично. (0x12B)
[0409/025843.613:ERROR:process_memory_win.cc(73)] ReadMemory at 0x7ff82197e8a8 of 40 bytes failed: Запрос ReadProcessMemory или WriteProcessMemory был выполнен только частично. (0x12B)
[0409/025843.613:ERROR:process_memory_win.cc(73)] ReadMemory at 0x7ff82197ebe0 of 48 bytes failed: Запрос ReadProcessMemory или WriteProcessMemory был выполнен только частично. (0x12B)
[0409/025843.626:ERROR:process_memory_win.cc(73)] ReadMemory at 0x7ff821981320 of 64 bytes failed: Запрос ReadProcessMemory или WriteProcessMemory был выполнен только частично. (0x12B)
[0409/025843.626:ERROR:process_memory_win.cc(73)] ReadMemory at 0x7ffff6d699ca of 512 bytes failed: Запрос ReadProcessMemory или WriteProcessMemory был выполнен только частично. (0x12B)
[0409/025843.627:ERROR:scoped_process_suspend.cc(40)] NtResumeProcess: Попытка доступа к процессу, выполняющему процедуру завершения. (0xc000010a)
[0427/025756.175:ERROR:scoped_process_suspend.cc(31)] NtSuspendProcess: Попытка доступа к процессу, выполняющему процедуру завершения. (0xc000010a)
[0427/025756.175:ERROR:scoped_process_suspend.cc(31)] NtSuspendProcess: Попытка доступа к процессу, выполняющему процедуру завершения. (0xc000010a)
